set 12, 2019 7:52:35 PM it.unicam.cs.pa.mastermind2019.Bot <init>
INFO: Bot Creato con id: bot
set 12, 2019 7:52:35 PM it.unicam.cs.pa.mastermind2019.PlayerFactory getPlayer
INFO: Creato un bot con id: bot
set 12, 2019 7:52:40 PM it.unicam.cs.pa.mastermind2019.Bot <init>
INFO: Bot Creato con id: bot
set 12, 2019 7:52:40 PM it.unicam.cs.pa.mastermind2019.PlayerFactory getPlayer
INFO: Creato un bot con id: bot
set 12, 2019 7:52:40 PM it.unicam.cs.pa.mastermind2019.Bot generateCode
INFO: Il Bot ha generato il codice: [2, 1, 5, 4]
set 12, 2019 7:52:40 PM it.unicam.cs.pa.mastermind2019.modelcontroller.Campo setDecodeArray
INFO: Impostando [2, 1, 5, 4] come tentativo
set 12, 2019 7:52:40 PM it.unicam.cs.pa.mastermind2019.Bot generateCode
INFO: Il Bot ha generato il codice: [4, 3, 5, 2]
set 12, 2019 7:52:40 PM it.unicam.cs.pa.mastermind2019.modelcontroller.Campo setCodeArray
INFO: Impostando [4, 3, 5, 2] come array da codificare
set 12, 2019 7:52:40 PM it.unicam.cs.pa.mastermind2019.modelcontroller.Campo getArrayFromCode
INFO: Restituito l'array [4, 3, 5, 2] da codificare
set 12, 2019 7:52:40 PM it.unicam.cs.pa.mastermind2019.modelcontroller.Campo getArrayFromCode
INFO: Restituito l'array [4, 3, 5, 2] da codificare
set 12, 2019 7:52:40 PM it.unicam.cs.pa.mastermind2019.modelcontroller.Campo getArrayFromDeco
INFO: Restituito array[2, 1, 5, 4] da decodificare
set 12, 2019 7:52:40 PM it.unicam.cs.pa.mastermind2019.modelcontroller.Campo addSuggerimento
INFO: Aggiunto il suggerimento [PC, PE, PE] ai suggerimenti
set 12, 2019 7:52:40 PM it.unicam.cs.pa.mastermind2019.modelcontroller.Campo getArrayFromDeco
INFO: Restituito array[2, 1, 5, 4] da decodificare
set 12, 2019 7:52:40 PM it.unicam.cs.pa.mastermind2019.Bot generateCode
INFO: Il Bot ha generato il codice: [2, 4, 3, 1]
set 12, 2019 7:52:40 PM it.unicam.cs.pa.mastermind2019.modelcontroller.Campo setCodeArray
INFO: Impostando [2, 4, 3, 1] come array da codificare
set 12, 2019 7:52:40 PM it.unicam.cs.pa.mastermind2019.modelcontroller.Campo getArrayFromCode
INFO: Restituito l'array [2, 4, 3, 1] da codificare
set 12, 2019 7:52:40 PM it.unicam.cs.pa.mastermind2019.modelcontroller.Campo getArrayFromCode
INFO: Restituito l'array [2, 4, 3, 1] da codificare
set 12, 2019 7:52:40 PM it.unicam.cs.pa.mastermind2019.modelcontroller.Campo getArrayFromDeco
INFO: Restituito array[2, 1, 5, 4] da decodificare
set 12, 2019 7:52:40 PM it.unicam.cs.pa.mastermind2019.modelcontroller.Campo addSuggerimento
INFO: Aggiunto il suggerimento [PC, PE, PE] ai suggerimenti
set 12, 2019 7:52:40 PM it.unicam.cs.pa.mastermind2019.modelcontroller.Campo getArrayFromDeco
INFO: Restituito array[2, 1, 5, 4] da decodificare
set 12, 2019 7:52:40 PM it.unicam.cs.pa.mastermind2019.Bot generateCode
INFO: Il Bot ha generato il codice: [1, 4, 3, 2]
set 12, 2019 7:52:40 PM it.unicam.cs.pa.mastermind2019.modelcontroller.Campo setCodeArray
INFO: Impostando [1, 4, 3, 2] come array da codificare
set 12, 2019 7:52:40 PM it.unicam.cs.pa.mastermind2019.modelcontroller.Campo getArrayFromCode
INFO: Restituito l'array [1, 4, 3, 2] da codificare
set 12, 2019 7:52:40 PM it.unicam.cs.pa.mastermind2019.modelcontroller.Campo getArrayFromCode
INFO: Restituito l'array [1, 4, 3, 2] da codificare
set 12, 2019 7:52:40 PM it.unicam.cs.pa.mastermind2019.modelcontroller.Campo getArrayFromDeco
INFO: Restituito array[2, 1, 5, 4] da decodificare
set 12, 2019 7:52:40 PM it.unicam.cs.pa.mastermind2019.modelcontroller.Campo addSuggerimento
INFO: Aggiunto il suggerimento [PE, PE, PE] ai suggerimenti
set 12, 2019 7:52:40 PM it.unicam.cs.pa.mastermind2019.modelcontroller.Campo getArrayFromDeco
INFO: Restituito array[2, 1, 5, 4] da decodificare
set 12, 2019 7:52:40 PM it.unicam.cs.pa.mastermind2019.Bot generateCode
INFO: Il Bot ha generato il codice: [2, 5, 4, 3]
set 12, 2019 7:52:40 PM it.unicam.cs.pa.mastermind2019.modelcontroller.Campo setCodeArray
INFO: Impostando [2, 5, 4, 3] come array da codificare
set 12, 2019 7:52:40 PM it.unicam.cs.pa.mastermind2019.modelcontroller.Campo getArrayFromCode
INFO: Restituito l'array [2, 5, 4, 3] da codificare
set 12, 2019 7:52:40 PM it.unicam.cs.pa.mastermind2019.modelcontroller.Campo getArrayFromCode
INFO: Restituito l'array [2, 5, 4, 3] da codificare
set 12, 2019 7:52:40 PM it.unicam.cs.pa.mastermind2019.modelcontroller.Campo getArrayFromDeco
INFO: Restituito array[2, 1, 5, 4] da decodificare
set 12, 2019 7:52:40 PM it.unicam.cs.pa.mastermind2019.modelcontroller.Campo addSuggerimento
INFO: Aggiunto il suggerimento [PC, PE, PE] ai suggerimenti
set 12, 2019 7:52:40 PM it.unicam.cs.pa.mastermind2019.modelcontroller.Campo getArrayFromDeco
INFO: Restituito array[2, 1, 5, 4] da decodificare
set 12, 2019 7:52:40 PM it.unicam.cs.pa.mastermind2019.Bot generateCode
INFO: Il Bot ha generato il codice: [1, 5, 4, 2]
set 12, 2019 7:52:40 PM it.unicam.cs.pa.mastermind2019.modelcontroller.Campo setCodeArray
INFO: Impostando [1, 5, 4, 2] come array da codificare
set 12, 2019 7:52:40 PM it.unicam.cs.pa.mastermind2019.modelcontroller.Campo getArrayFromCode
INFO: Restituito l'array [1, 5, 4, 2] da codificare
set 12, 2019 7:52:40 PM it.unicam.cs.pa.mastermind2019.modelcontroller.Campo getArrayFromCode
INFO: Restituito l'array [1, 5, 4, 2] da codificare
set 12, 2019 7:52:40 PM it.unicam.cs.pa.mastermind2019.modelcontroller.Campo getArrayFromDeco
INFO: Restituito array[2, 1, 5, 4] da decodificare
set 12, 2019 7:52:40 PM it.unicam.cs.pa.mastermind2019.modelcontroller.Campo addSuggerimento
INFO: Aggiunto il suggerimento [PE, PE, PE, PE] ai suggerimenti
set 12, 2019 7:52:40 PM it.unicam.cs.pa.mastermind2019.modelcontroller.Campo getArrayFromDeco
INFO: Restituito array[2, 1, 5, 4] da decodificare
set 12, 2019 7:52:40 PM it.unicam.cs.pa.mastermind2019.Bot generateCode
INFO: Il Bot ha generato il codice: [1, 3, 5, 2]
set 12, 2019 7:52:40 PM it.unicam.cs.pa.mastermind2019.modelcontroller.Campo setCodeArray
INFO: Impostando [1, 3, 5, 2] come array da codificare
set 12, 2019 7:52:40 PM it.unicam.cs.pa.mastermind2019.modelcontroller.Campo getArrayFromCode
INFO: Restituito l'array [1, 3, 5, 2] da codificare
set 12, 2019 7:52:40 PM it.unicam.cs.pa.mastermind2019.modelcontroller.Campo getArrayFromCode
INFO: Restituito l'array [1, 3, 5, 2] da codificare
set 12, 2019 7:52:40 PM it.unicam.cs.pa.mastermind2019.modelcontroller.Campo getArrayFromDeco
INFO: Restituito array[2, 1, 5, 4] da decodificare
set 12, 2019 7:52:40 PM it.unicam.cs.pa.mastermind2019.modelcontroller.Campo addSuggerimento
INFO: Aggiunto il suggerimento [PC, PE, PE] ai suggerimenti
set 12, 2019 7:52:40 PM it.unicam.cs.pa.mastermind2019.modelcontroller.Campo getArrayFromDeco
INFO: Restituito array[2, 1, 5, 4] da decodificare
set 12, 2019 7:52:40 PM it.unicam.cs.pa.mastermind2019.Bot generateCode
INFO: Il Bot ha generato il codice: [4, 3, 5, 2]
set 12, 2019 7:52:40 PM it.unicam.cs.pa.mastermind2019.modelcontroller.Campo setCodeArray
INFO: Impostando [4, 3, 5, 2] come array da codificare
set 12, 2019 7:52:40 PM it.unicam.cs.pa.mastermind2019.modelcontroller.Campo getArrayFromCode
INFO: Restituito l'array [4, 3, 5, 2] da codificare
set 12, 2019 7:52:40 PM it.unicam.cs.pa.mastermind2019.modelcontroller.Campo getArrayFromCode
INFO: Restituito l'array [4, 3, 5, 2] da codificare
set 12, 2019 7:52:40 PM it.unicam.cs.pa.mastermind2019.modelcontroller.Campo getArrayFromDeco
INFO: Restituito array[2, 1, 5, 4] da decodificare
set 12, 2019 7:52:40 PM it.unicam.cs.pa.mastermind2019.modelcontroller.Campo addSuggerimento
INFO: Aggiunto il suggerimento [PC, PE, PE] ai suggerimenti
set 12, 2019 7:52:40 PM it.unicam.cs.pa.mastermind2019.modelcontroller.Campo getArrayFromDeco
INFO: Restituito array[2, 1, 5, 4] da decodificare
set 12, 2019 7:52:40 PM it.unicam.cs.pa.mastermind2019.Bot generateCode
INFO: Il Bot ha generato il codice: [2, 5, 1, 3]
set 12, 2019 7:52:40 PM it.unicam.cs.pa.mastermind2019.modelcontroller.Campo setCodeArray
INFO: Impostando [2, 5, 1, 3] come array da codificare
set 12, 2019 7:52:40 PM it.unicam.cs.pa.mastermind2019.modelcontroller.Campo getArrayFromCode
INFO: Restituito l'array [2, 5, 1, 3] da codificare
set 12, 2019 7:52:40 PM it.unicam.cs.pa.mastermind2019.modelcontroller.Campo getArrayFromCode
INFO: Restituito l'array [2, 5, 1, 3] da codificare
set 12, 2019 7:52:40 PM it.unicam.cs.pa.mastermind2019.modelcontroller.Campo getArrayFromDeco
INFO: Restituito array[2, 1, 5, 4] da decodificare
set 12, 2019 7:52:40 PM it.unicam.cs.pa.mastermind2019.modelcontroller.Campo addSuggerimento
INFO: Aggiunto il suggerimento [PC, PE, PE] ai suggerimenti
set 12, 2019 7:52:40 PM it.unicam.cs.pa.mastermind2019.modelcontroller.Campo getArrayFromDeco
INFO: Restituito array[2, 1, 5, 4] da decodificare
set 12, 2019 7:52:40 PM it.unicam.cs.pa.mastermind2019.Bot generateCode
INFO: Il Bot ha generato il codice: [2, 1, 3, 4]
set 12, 2019 7:52:40 PM it.unicam.cs.pa.mastermind2019.modelcontroller.Campo setCodeArray
INFO: Impostando [2, 1, 3, 4] come array da codificare
set 12, 2019 7:52:40 PM it.unicam.cs.pa.mastermind2019.modelcontroller.Campo getArrayFromCode
INFO: Restituito l'array [2, 1, 3, 4] da codificare
set 12, 2019 7:52:40 PM it.unicam.cs.pa.mastermind2019.modelcontroller.Campo getArrayFromCode
INFO: Restituito l'array [2, 1, 3, 4] da codificare
set 12, 2019 7:52:40 PM it.unicam.cs.pa.mastermind2019.modelcontroller.Campo getArrayFromDeco
INFO: Restituito array[2, 1, 5, 4] da decodificare
set 12, 2019 7:52:40 PM it.unicam.cs.pa.mastermind2019.modelcontroller.Campo addSuggerimento
INFO: Aggiunto il suggerimento [PC, PC, PC] ai suggerimenti
set 12, 2019 7:52:40 PM it.unicam.cs.pa.mastermind2019.modelcontroller.Campo getArrayFromDeco
INFO: Restituito array[2, 1, 5, 4] da decodificare
set 12, 2019 7:52:40 PM it.unicam.cs.pa.mastermind2019.Perdente <init>
INFO: Creata un istanza di Perdente per il giocatore: bot
set 12, 2019 7:52:40 PM it.unicam.cs.pa.mastermind2019.Perdente toString
INFO: Restituito Risultato della partita: 
Il giocatore bot ha perso!
