set 20, 2019 11:28:37 AM it.unicam.cs.pa.mastermind2019.Index main
INFO: Creazioni delle impostazioni in corso
set 20, 2019 11:28:37 AM it.unicam.cs.pa.mastermind2019.Index main
INFO: Creazione del terreno di gioco in corso
set 20, 2019 11:28:37 AM it.unicam.cs.pa.mastermind2019.modelcontroller.ImpostazioniFileConfig getCodeLenght
INFO: Restituita la lunghezza del codice: 8
set 20, 2019 11:28:37 AM it.unicam.cs.pa.mastermind2019.modelcontroller.Campo <init>
INFO: Campo creato correttamente
set 20, 2019 11:28:37 AM it.unicam.cs.pa.mastermind2019.Index main
INFO: Creazione dell' INPUT e dell' OUTPUT con l'utente in corso
set 20, 2019 11:28:37 AM it.unicam.cs.pa.mastermind2019.view.InputOutput <init>
INFO: Creazione dell' INPUT e dell' OUTPUT con l'utente avvenuta con successo
set 20, 2019 11:28:37 AM it.unicam.cs.pa.mastermind2019.view.InputOutput gameInit
INFO: Stampa logo e regole in corso
set 20, 2019 11:28:37 AM it.unicam.cs.pa.mastermind2019.view.InputOutput gameInit
INFO: Logo e regole stampate correttamente
set 20, 2019 11:28:37 AM it.unicam.cs.pa.mastermind2019.Index main
INFO: Creazione delle factory per i giocatori in corso
set 20, 2019 11:28:37 AM it.unicam.cs.pa.mastermind2019.PlayerFactory <init>
INFO: Factory creata con successo
set 20, 2019 11:28:37 AM it.unicam.cs.pa.mastermind2019.PlayerFactory <init>
INFO: Factory creata con successo
set 20, 2019 11:28:37 AM it.unicam.cs.pa.mastermind2019.Index main
INFO: Aspettando ordini ..
set 20, 2019 11:28:37 AM it.unicam.cs.pa.mastermind2019.view.InputOutput sceltaMenu
INFO: Aspettando la Decisione del menù dell'utente
