set 12, 2019 7:57:08 PM it.unicam.cs.pa.mastermind2019.Bot <init>
INFO: Bot Creato con id: bot
set 12, 2019 7:57:08 PM it.unicam.cs.pa.mastermind2019.PlayerFactory getPlayer
INFO: Creato un bot con id: bot
set 12, 2019 7:57:09 PM it.unicam.cs.pa.mastermind2019.Bot <init>
INFO: Bot Creato con id: bot
set 12, 2019 7:57:09 PM it.unicam.cs.pa.mastermind2019.PlayerFactory getPlayer
INFO: Creato un bot con id: bot
set 12, 2019 7:57:09 PM it.unicam.cs.pa.mastermind2019.Bot generateCode
INFO: Il Bot ha generato il codice: [1, 2, 3, 5]
set 12, 2019 7:57:09 PM it.unicam.cs.pa.mastermind2019.modelcontroller.Campo setDecodeArray
INFO: Impostando [1, 2, 3, 5] come tentativo
set 12, 2019 7:57:09 PM it.unicam.cs.pa.mastermind2019.Bot generateCode
INFO: Il Bot ha generato il codice: [5, 1, 4, 3]
set 12, 2019 7:57:09 PM it.unicam.cs.pa.mastermind2019.modelcontroller.Campo setCodeArray
INFO: Impostando [5, 1, 4, 3] come array da codificare
set 12, 2019 7:57:09 PM it.unicam.cs.pa.mastermind2019.modelcontroller.Campo getArrayFromCode
INFO: Restituito l'array [5, 1, 4, 3] da codificare
set 12, 2019 7:57:09 PM it.unicam.cs.pa.mastermind2019.modelcontroller.Campo getArrayFromCode
INFO: Restituito l'array [5, 1, 4, 3] da codificare
set 12, 2019 7:57:09 PM it.unicam.cs.pa.mastermind2019.modelcontroller.Campo getArrayFromDeco
INFO: Restituito array[1, 2, 3, 5] da decodificare
set 12, 2019 7:57:09 PM it.unicam.cs.pa.mastermind2019.modelcontroller.Campo addSuggerimento
INFO: Aggiunto il suggerimento [PE, PE, PE] ai suggerimenti
set 12, 2019 7:57:09 PM it.unicam.cs.pa.mastermind2019.modelcontroller.Campo getArrayFromDeco
INFO: Restituito array[1, 2, 3, 5] da decodificare
set 12, 2019 7:57:09 PM it.unicam.cs.pa.mastermind2019.Bot generateCode
INFO: Il Bot ha generato il codice: [3, 4, 2, 5]
set 12, 2019 7:57:09 PM it.unicam.cs.pa.mastermind2019.modelcontroller.Campo setCodeArray
INFO: Impostando [3, 4, 2, 5] come array da codificare
set 12, 2019 7:57:09 PM it.unicam.cs.pa.mastermind2019.modelcontroller.Campo getArrayFromCode
INFO: Restituito l'array [3, 4, 2, 5] da codificare
set 12, 2019 7:57:09 PM it.unicam.cs.pa.mastermind2019.modelcontroller.Campo getArrayFromCode
INFO: Restituito l'array [3, 4, 2, 5] da codificare
set 12, 2019 7:57:09 PM it.unicam.cs.pa.mastermind2019.modelcontroller.Campo getArrayFromDeco
INFO: Restituito array[1, 2, 3, 5] da decodificare
set 12, 2019 7:57:09 PM it.unicam.cs.pa.mastermind2019.modelcontroller.Campo addSuggerimento
INFO: Aggiunto il suggerimento [PC, PE, PE] ai suggerimenti
set 12, 2019 7:57:09 PM it.unicam.cs.pa.mastermind2019.modelcontroller.Campo getArrayFromDeco
INFO: Restituito array[1, 2, 3, 5] da decodificare
set 12, 2019 7:57:09 PM it.unicam.cs.pa.mastermind2019.Bot generateCode
INFO: Il Bot ha generato il codice: [1, 2, 3, 5]
set 12, 2019 7:57:09 PM it.unicam.cs.pa.mastermind2019.modelcontroller.Campo setCodeArray
INFO: Impostando [1, 2, 3, 5] come array da codificare
set 12, 2019 7:57:09 PM it.unicam.cs.pa.mastermind2019.modelcontroller.Campo getArrayFromCode
INFO: Restituito l'array [1, 2, 3, 5] da codificare
set 12, 2019 7:57:09 PM it.unicam.cs.pa.mastermind2019.modelcontroller.Campo getArrayFromCode
INFO: Restituito l'array [1, 2, 3, 5] da codificare
set 12, 2019 7:57:09 PM it.unicam.cs.pa.mastermind2019.modelcontroller.Campo getArrayFromDeco
INFO: Restituito array[1, 2, 3, 5] da decodificare
set 12, 2019 7:57:09 PM it.unicam.cs.pa.mastermind2019.modelcontroller.Campo addSuggerimento
INFO: Aggiunto il suggerimento [PC, PC, PC, PC] ai suggerimenti
set 12, 2019 7:57:09 PM it.unicam.cs.pa.mastermind2019.modelcontroller.Campo getArrayFromDeco
INFO: Restituito array[1, 2, 3, 5] da decodificare
set 12, 2019 7:57:09 PM it.unicam.cs.pa.mastermind2019.Vincitore <init>
INFO: Creata un istanza di Vincitore per il giocatore: bot
set 12, 2019 7:57:09 PM it.unicam.cs.pa.mastermind2019.Vincitore toString
INFO: Restituito Risultato della partita: Il giocatore bot ha vinto!
