set 13, 2019 4:32:39 PM it.unicam.cs.pa.mastermind2019.Index main
INFO: Creazioni delle impostazioni in corso
set 13, 2019 4:32:39 PM it.unicam.cs.pa.mastermind2019.modelcontroller.ImpostazioniFileConfig createDefaultProperty
INFO: Creazione impostazioni di default
set 13, 2019 4:32:39 PM it.unicam.cs.pa.mastermind2019.modelcontroller.ImpostazioniFileConfig createDefaultProperty
INFO: Impostazioni di default create correttamente
set 13, 2019 4:32:39 PM it.unicam.cs.pa.mastermind2019.Index main
INFO: Creazione del terreno di gioco in corso
set 13, 2019 4:32:39 PM it.unicam.cs.pa.mastermind2019.modelcontroller.ImpostazioniFileConfig getCodeLenght
INFO: Restituita la lunghezza del codice: 4
set 13, 2019 4:32:39 PM it.unicam.cs.pa.mastermind2019.modelcontroller.Campo <init>
INFO: Campo creato correttamente
set 13, 2019 4:32:39 PM it.unicam.cs.pa.mastermind2019.Index main
INFO: Creazione dell' INPUT e dell' OUTPUT con l'utente in corso
set 13, 2019 4:32:39 PM it.unicam.cs.pa.mastermind2019.view.InputOutput <init>
INFO: Creazione dell' INPUT e dell' OUTPUT con l'utente avvenuta con successo
set 13, 2019 4:32:39 PM it.unicam.cs.pa.mastermind2019.view.InputOutput gameInit
INFO: Stampa logo e regole in corso
set 13, 2019 4:32:39 PM it.unicam.cs.pa.mastermind2019.view.InputOutput gameInit
INFO: Logo e regole stampate correttamente
set 13, 2019 4:32:39 PM it.unicam.cs.pa.mastermind2019.Index main
INFO: Creazione delle factory per i giocatori in corso
set 13, 2019 4:32:39 PM it.unicam.cs.pa.mastermind2019.PlayerFactory <init>
INFO: Factory creata con successo
set 13, 2019 4:32:39 PM it.unicam.cs.pa.mastermind2019.PlayerFactory <init>
INFO: Factory creata con successo
set 13, 2019 4:32:39 PM it.unicam.cs.pa.mastermind2019.Index main
INFO: Aspettando ordini ..
set 13, 2019 4:32:39 PM it.unicam.cs.pa.mastermind2019.view.InputOutput sceltaMenu
INFO: Aspettando la Decisione del menù dell'utente
set 13, 2019 4:32:46 PM it.unicam.cs.pa.mastermind2019.view.InputOutput sceltaMenu
INFO: Decisione acquisita correttamente
set 13, 2019 4:32:46 PM it.unicam.cs.pa.mastermind2019.view.InputOutput difficultConfiguration
INFO: Aspettando la decisione della difficoltà dell'utente
set 13, 2019 4:32:50 PM it.unicam.cs.pa.mastermind2019.view.InputOutput difficultConfiguration
WARNING: Decisione non accettata
set 13, 2019 4:33:02 PM it.unicam.cs.pa.mastermind2019.view.InputOutput difficultConfiguration
INFO: Decisione acquisita correttamente
set 13, 2019 4:33:02 PM it.unicam.cs.pa.mastermind2019.view.InputOutput duplicateConfiguration
INFO: Aspettando la decisione dell'utente
set 13, 2019 4:33:05 PM it.unicam.cs.pa.mastermind2019.view.InputOutput duplicateConfiguration
WARNING: Decisione non accettata
set 13, 2019 4:33:07 PM it.unicam.cs.pa.mastermind2019.view.InputOutput duplicateConfiguration
INFO: Decisione accettata
set 13, 2019 4:33:07 PM it.unicam.cs.pa.mastermind2019.Index main
INFO: Configurazione avvenuta con successo
set 13, 2019 4:33:07 PM it.unicam.cs.pa.mastermind2019.Index main
INFO: Aspettando ordini ..
set 13, 2019 4:33:07 PM it.unicam.cs.pa.mastermind2019.view.InputOutput sceltaMenu
INFO: Aspettando la Decisione del menù dell'utente
set 13, 2019 4:33:09 PM it.unicam.cs.pa.mastermind2019.view.InputOutput sceltaMenu
INFO: Decisione acquisita correttamente
set 13, 2019 4:33:09 PM it.unicam.cs.pa.mastermind2019.Index main
INFO: Creazione di una console di gioco in corso
set 13, 2019 4:33:09 PM it.unicam.cs.pa.mastermind2019.view.InputOutput typePlayerSelection
INFO: In attesa della decisione dell'utente ..
set 13, 2019 4:33:13 PM it.unicam.cs.pa.mastermind2019.view.InputOutput typePlayerSelection
INFO: Decisione accettata
set 13, 2019 4:33:13 PM it.unicam.cs.pa.mastermind2019.PlayerFactory getPlayer
INFO: Creazione di un bot in corso .. 
set 13, 2019 4:33:13 PM it.unicam.cs.pa.mastermind2019.Bot <init>
INFO: Bot Creato correttamente con id: bot
set 13, 2019 4:33:13 PM it.unicam.cs.pa.mastermind2019.view.InputOutput typePlayerSelection
INFO: In attesa della decisione dell'utente ..
set 13, 2019 4:33:15 PM it.unicam.cs.pa.mastermind2019.view.InputOutput typePlayerSelection
INFO: Decisione accettata
set 13, 2019 4:33:15 PM it.unicam.cs.pa.mastermind2019.PlayerFactory getPlayer
INFO: Creazione di un Human in corso .. 
set 13, 2019 4:33:15 PM it.unicam.cs.pa.mastermind2019.Human <init>
INFO: Player umano creato correttamente con id: io
set 13, 2019 4:33:15 PM it.unicam.cs.pa.mastermind2019.modelcontroller.ConsoleGame <init>
INFO: Console di gioco creata correttamente
set 13, 2019 4:33:15 PM it.unicam.cs.pa.mastermind2019.Index main
INFO: Inizializzazione della partita
set 13, 2019 4:33:15 PM it.unicam.cs.pa.mastermind2019.modelcontroller.ConsoleGame start
INFO: Creazione arbitro in corso
set 13, 2019 4:33:15 PM it.unicam.cs.pa.mastermind2019.modelcontroller.MatchCoordinator <init>
INFO: Arbitro creato correttamente
set 13, 2019 4:33:15 PM it.unicam.cs.pa.mastermind2019.modelcontroller.MatchCoordinator play
INFO: Match start!
set 13, 2019 4:33:15 PM it.unicam.cs.pa.mastermind2019.view.InputOutput botGetCombination
INFO: Aspettando la decisione del Bot
set 13, 2019 4:33:15 PM it.unicam.cs.pa.mastermind2019.modelcontroller.ImpostazioniFileConfig getCodeLenght
INFO: Restituita la lunghezza del codice: 4
set 13, 2019 4:33:15 PM it.unicam.cs.pa.mastermind2019.modelcontroller.ImpostazioniFileConfig getMaxCodValue
INFO: Restituita la lunghezza massima del codice: 6
set 13, 2019 4:33:15 PM it.unicam.cs.pa.mastermind2019.modelcontroller.ImpostazioniFileConfig getMinCodValue
INFO: Restituita la lunghezza minima del codice: 1
set 13, 2019 4:33:15 PM it.unicam.cs.pa.mastermind2019.modelcontroller.ImpostazioniFileConfig getMinCodValue
INFO: Restituita la lunghezza minima del codice: 1
set 13, 2019 4:33:15 PM it.unicam.cs.pa.mastermind2019.modelcontroller.ImpostazioniFileConfig isDuplicateAllow
INFO: Restituito il permesso di avere duplicati nel codice: false
set 13, 2019 4:33:15 PM it.unicam.cs.pa.mastermind2019.modelcontroller.ImpostazioniFileConfig getCodeLenght
INFO: Restituita la lunghezza del codice: 4
set 13, 2019 4:33:15 PM it.unicam.cs.pa.mastermind2019.modelcontroller.ImpostazioniFileConfig getMaxCodValue
INFO: Restituita la lunghezza massima del codice: 6
set 13, 2019 4:33:15 PM it.unicam.cs.pa.mastermind2019.modelcontroller.ImpostazioniFileConfig getMinCodValue
INFO: Restituita la lunghezza minima del codice: 1
set 13, 2019 4:33:15 PM it.unicam.cs.pa.mastermind2019.modelcontroller.ImpostazioniFileConfig getMinCodValue
INFO: Restituita la lunghezza minima del codice: 1
set 13, 2019 4:33:15 PM it.unicam.cs.pa.mastermind2019.modelcontroller.ImpostazioniFileConfig isDuplicateAllow
INFO: Restituito il permesso di avere duplicati nel codice: false
set 13, 2019 4:33:15 PM it.unicam.cs.pa.mastermind2019.modelcontroller.ImpostazioniFileConfig getCodeLenght
INFO: Restituita la lunghezza del codice: 4
set 13, 2019 4:33:15 PM it.unicam.cs.pa.mastermind2019.modelcontroller.ImpostazioniFileConfig getMaxCodValue
INFO: Restituita la lunghezza massima del codice: 6
set 13, 2019 4:33:15 PM it.unicam.cs.pa.mastermind2019.modelcontroller.ImpostazioniFileConfig getMinCodValue
INFO: Restituita la lunghezza minima del codice: 1
set 13, 2019 4:33:15 PM it.unicam.cs.pa.mastermind2019.modelcontroller.ImpostazioniFileConfig getMinCodValue
INFO: Restituita la lunghezza minima del codice: 1
set 13, 2019 4:33:15 PM it.unicam.cs.pa.mastermind2019.modelcontroller.ImpostazioniFileConfig isDuplicateAllow
INFO: Restituito il permesso di avere duplicati nel codice: false
set 13, 2019 4:33:15 PM it.unicam.cs.pa.mastermind2019.modelcontroller.ImpostazioniFileConfig getMinCodValue
INFO: Restituita la lunghezza minima del codice: 1
set 13, 2019 4:33:15 PM it.unicam.cs.pa.mastermind2019.modelcontroller.ImpostazioniFileConfig getCodeLenght
INFO: Restituita la lunghezza del codice: 4
set 13, 2019 4:33:15 PM it.unicam.cs.pa.mastermind2019.modelcontroller.ImpostazioniFileConfig getMaxCodValue
INFO: Restituita la lunghezza massima del codice: 6
set 13, 2019 4:33:15 PM it.unicam.cs.pa.mastermind2019.modelcontroller.ImpostazioniFileConfig getMinCodValue
INFO: Restituita la lunghezza minima del codice: 1
set 13, 2019 4:33:15 PM it.unicam.cs.pa.mastermind2019.modelcontroller.ImpostazioniFileConfig getMinCodValue
INFO: Restituita la lunghezza minima del codice: 1
set 13, 2019 4:33:15 PM it.unicam.cs.pa.mastermind2019.modelcontroller.ImpostazioniFileConfig isDuplicateAllow
INFO: Restituito il permesso di avere duplicati nel codice: false
set 13, 2019 4:33:15 PM it.unicam.cs.pa.mastermind2019.modelcontroller.ImpostazioniFileConfig getCodeLenght
INFO: Restituita la lunghezza del codice: 4
set 13, 2019 4:33:15 PM it.unicam.cs.pa.mastermind2019.view.InputOutput botGetCombination
INFO: Decisione accettata
set 13, 2019 4:33:15 PM it.unicam.cs.pa.mastermind2019.Bot generateCode
INFO: Il Bot ha generato il codice: [4, 2, 1, 3]
set 13, 2019 4:33:15 PM it.unicam.cs.pa.mastermind2019.modelcontroller.Campo setDecodeArray
INFO: Impostando [4, 2, 1, 3] come tentativo
set 13, 2019 4:33:15 PM it.unicam.cs.pa.mastermind2019.modelcontroller.ImpostazioniFileConfig getAttempts
INFO: Restituiti il numero dei tentativi: 9
set 13, 2019 4:33:15 PM it.unicam.cs.pa.mastermind2019.view.InputOutput humanGetCombination
INFO: Aspettando la decisione dell'utente
set 13, 2019 4:33:15 PM it.unicam.cs.pa.mastermind2019.modelcontroller.ImpostazioniFileConfig getCodeLenght
INFO: Restituita la lunghezza del codice: 4
set 13, 2019 4:33:15 PM it.unicam.cs.pa.mastermind2019.modelcontroller.ImpostazioniFileConfig getMaxCodValue
INFO: Restituita la lunghezza massima del codice: 6
set 13, 2019 4:33:22 PM it.unicam.cs.pa.mastermind2019.modelcontroller.ImpostazioniFileConfig getCodeLenght
INFO: Restituita la lunghezza del codice: 4
set 13, 2019 4:33:22 PM it.unicam.cs.pa.mastermind2019.modelcontroller.ImpostazioniFileConfig getMaxCodValue
INFO: Restituita la lunghezza massima del codice: 6
set 13, 2019 4:33:22 PM it.unicam.cs.pa.mastermind2019.modelcontroller.ImpostazioniFileConfig isDuplicateAllow
INFO: Restituito il permesso di avere duplicati nel codice: false
set 13, 2019 4:33:22 PM it.unicam.cs.pa.mastermind2019.modelcontroller.ImpostazioniFileConfig getMaxCodValue
INFO: Restituita la lunghezza massima del codice: 6
set 13, 2019 4:33:22 PM it.unicam.cs.pa.mastermind2019.modelcontroller.ImpostazioniFileConfig isDuplicateAllow
INFO: Restituito il permesso di avere duplicati nel codice: false
set 13, 2019 4:33:22 PM it.unicam.cs.pa.mastermind2019.modelcontroller.ImpostazioniFileConfig getMaxCodValue
INFO: Restituita la lunghezza massima del codice: 6
set 13, 2019 4:33:22 PM it.unicam.cs.pa.mastermind2019.modelcontroller.ImpostazioniFileConfig isDuplicateAllow
INFO: Restituito il permesso di avere duplicati nel codice: false
set 13, 2019 4:33:22 PM it.unicam.cs.pa.mastermind2019.modelcontroller.ImpostazioniFileConfig getMaxCodValue
INFO: Restituita la lunghezza massima del codice: 6
set 13, 2019 4:33:22 PM it.unicam.cs.pa.mastermind2019.modelcontroller.ImpostazioniFileConfig isDuplicateAllow
INFO: Restituito il permesso di avere duplicati nel codice: false
set 13, 2019 4:33:22 PM it.unicam.cs.pa.mastermind2019.view.InputOutput humanGetCombination
INFO: Decisione accettata
set 13, 2019 4:33:22 PM it.unicam.cs.pa.mastermind2019.Human generateCode
INFO: Il player umano ha generato il codice: [1, 2, 4, 3]
set 13, 2019 4:33:22 PM it.unicam.cs.pa.mastermind2019.modelcontroller.Campo setCodeArray
INFO: Impostando [1, 2, 4, 3] come array da codificare
set 13, 2019 4:33:22 PM it.unicam.cs.pa.mastermind2019.modelcontroller.Campo getArrayFromCode
INFO: Restituito l'array [1, 2, 4, 3] da codificare
set 13, 2019 4:33:22 PM it.unicam.cs.pa.mastermind2019.view.InputOutput vediCodice
INFO: Stampato Array
set 13, 2019 4:33:22 PM it.unicam.cs.pa.mastermind2019.modelcontroller.Campo getArrayFromCode
INFO: Restituito l'array [1, 2, 4, 3] da codificare
set 13, 2019 4:33:22 PM it.unicam.cs.pa.mastermind2019.modelcontroller.MatchCoordinator check
INFO: Inizio controllo dei dati
set 13, 2019 4:33:22 PM it.unicam.cs.pa.mastermind2019.modelcontroller.Campo getArrayFromDeco
INFO: Restituito array[4, 2, 1, 3] da decodificare
set 13, 2019 4:33:22 PM it.unicam.cs.pa.mastermind2019.modelcontroller.ImpostazioniFileConfig getCodeLenght
INFO: Restituita la lunghezza del codice: 4
set 13, 2019 4:33:22 PM it.unicam.cs.pa.mastermind2019.modelcontroller.ImpostazioniFileConfig getCodeLenght
INFO: Restituita la lunghezza del codice: 4
set 13, 2019 4:33:22 PM it.unicam.cs.pa.mastermind2019.modelcontroller.ImpostazioniFileConfig getCodeLenght
INFO: Restituita la lunghezza del codice: 4
set 13, 2019 4:33:22 PM it.unicam.cs.pa.mastermind2019.modelcontroller.ImpostazioniFileConfig getCodeLenght
INFO: Restituita la lunghezza del codice: 4
set 13, 2019 4:33:22 PM it.unicam.cs.pa.mastermind2019.modelcontroller.ImpostazioniFileConfig getCodeLenght
INFO: Restituita la lunghezza del codice: 4
set 13, 2019 4:33:22 PM it.unicam.cs.pa.mastermind2019.modelcontroller.ImpostazioniFileConfig getCodeLenght
INFO: Restituita la lunghezza del codice: 4
set 13, 2019 4:33:22 PM it.unicam.cs.pa.mastermind2019.modelcontroller.ImpostazioniFileConfig getCodeLenght
INFO: Restituita la lunghezza del codice: 4
set 13, 2019 4:33:22 PM it.unicam.cs.pa.mastermind2019.modelcontroller.ImpostazioniFileConfig getCodeLenght
INFO: Restituita la lunghezza del codice: 4
set 13, 2019 4:33:22 PM it.unicam.cs.pa.mastermind2019.modelcontroller.ImpostazioniFileConfig getCodeLenght
INFO: Restituita la lunghezza del codice: 4
set 13, 2019 4:33:22 PM it.unicam.cs.pa.mastermind2019.modelcontroller.ImpostazioniFileConfig getCodeLenght
INFO: Restituita la lunghezza del codice: 4
set 13, 2019 4:33:22 PM it.unicam.cs.pa.mastermind2019.modelcontroller.ImpostazioniFileConfig getCodeLenght
INFO: Restituita la lunghezza del codice: 4
set 13, 2019 4:33:22 PM it.unicam.cs.pa.mastermind2019.modelcontroller.ImpostazioniFileConfig getCodeLenght
INFO: Restituita la lunghezza del codice: 4
set 13, 2019 4:33:22 PM it.unicam.cs.pa.mastermind2019.modelcontroller.ImpostazioniFileConfig getCodeLenght
INFO: Restituita la lunghezza del codice: 4
set 13, 2019 4:33:22 PM it.unicam.cs.pa.mastermind2019.modelcontroller.ImpostazioniFileConfig getCodeLenght
INFO: Restituita la lunghezza del codice: 4
set 13, 2019 4:33:22 PM it.unicam.cs.pa.mastermind2019.modelcontroller.ImpostazioniFileConfig getCodeLenght
INFO: Restituita la lunghezza del codice: 4
set 13, 2019 4:33:22 PM it.unicam.cs.pa.mastermind2019.modelcontroller.ImpostazioniFileConfig getCodeLenght
INFO: Restituita la lunghezza del codice: 4
set 13, 2019 4:33:22 PM it.unicam.cs.pa.mastermind2019.modelcontroller.ImpostazioniFileConfig getCodeLenght
INFO: Restituita la lunghezza del codice: 4
set 13, 2019 4:33:22 PM it.unicam.cs.pa.mastermind2019.modelcontroller.ImpostazioniFileConfig getCodeLenght
INFO: Restituita la lunghezza del codice: 4
set 13, 2019 4:33:22 PM it.unicam.cs.pa.mastermind2019.modelcontroller.ImpostazioniFileConfig getCodeLenght
INFO: Restituita la lunghezza del codice: 4
set 13, 2019 4:33:22 PM it.unicam.cs.pa.mastermind2019.modelcontroller.ImpostazioniFileConfig getCodeLenght
INFO: Restituita la lunghezza del codice: 4
set 13, 2019 4:33:22 PM it.unicam.cs.pa.mastermind2019.modelcontroller.ImpostazioniFileConfig getCodeLenght
INFO: Restituita la lunghezza del codice: 4
set 13, 2019 4:33:22 PM it.unicam.cs.pa.mastermind2019.modelcontroller.ImpostazioniFileConfig getCodeLenght
INFO: Restituita la lunghezza del codice: 4
set 13, 2019 4:33:22 PM it.unicam.cs.pa.mastermind2019.modelcontroller.ImpostazioniFileConfig getCodeLenght
INFO: Restituita la lunghezza del codice: 4
set 13, 2019 4:33:22 PM it.unicam.cs.pa.mastermind2019.modelcontroller.ImpostazioniFileConfig getCodeLenght
INFO: Restituita la lunghezza del codice: 4
set 13, 2019 4:33:22 PM it.unicam.cs.pa.mastermind2019.modelcontroller.ImpostazioniFileConfig getCodeLenght
INFO: Restituita la lunghezza del codice: 4
set 13, 2019 4:33:22 PM it.unicam.cs.pa.mastermind2019.modelcontroller.MatchCoordinator check
INFO: Controllo eseguito correttamente
set 13, 2019 4:33:22 PM it.unicam.cs.pa.mastermind2019.view.InputOutput attemptResault
INFO: Restituzione del suggerimento: [PC, PC, PE, PE]
set 13, 2019 4:33:22 PM it.unicam.cs.pa.mastermind2019.modelcontroller.Campo addSuggerimento
INFO: Aggiunto il suggerimento [PC, PC, PE, PE] ai suggerimenti
set 13, 2019 4:33:22 PM it.unicam.cs.pa.mastermind2019.modelcontroller.Campo getArrayFromDeco
INFO: Restituito array[4, 2, 1, 3] da decodificare
set 13, 2019 4:33:22 PM it.unicam.cs.pa.mastermind2019.modelcontroller.MatchCoordinator isWinner
INFO: Tentativo non vincente
set 13, 2019 4:33:22 PM it.unicam.cs.pa.mastermind2019.modelcontroller.MatchCoordinator play
INFO: 8 turni alla fine
set 13, 2019 4:33:22 PM it.unicam.cs.pa.mastermind2019.view.InputOutput humanGetCombination
INFO: Aspettando la decisione dell'utente
set 13, 2019 4:33:22 PM it.unicam.cs.pa.mastermind2019.modelcontroller.ImpostazioniFileConfig getCodeLenght
INFO: Restituita la lunghezza del codice: 4
set 13, 2019 4:33:22 PM it.unicam.cs.pa.mastermind2019.modelcontroller.ImpostazioniFileConfig getMaxCodValue
INFO: Restituita la lunghezza massima del codice: 6
set 13, 2019 4:33:43 PM it.unicam.cs.pa.mastermind2019.modelcontroller.ImpostazioniFileConfig getCodeLenght
INFO: Restituita la lunghezza del codice: 4
set 13, 2019 4:33:43 PM it.unicam.cs.pa.mastermind2019.modelcontroller.ImpostazioniFileConfig getMaxCodValue
INFO: Restituita la lunghezza massima del codice: 6
set 13, 2019 4:33:43 PM it.unicam.cs.pa.mastermind2019.modelcontroller.ImpostazioniFileConfig isDuplicateAllow
INFO: Restituito il permesso di avere duplicati nel codice: false
set 13, 2019 4:33:43 PM it.unicam.cs.pa.mastermind2019.modelcontroller.ImpostazioniFileConfig getMaxCodValue
INFO: Restituita la lunghezza massima del codice: 6
set 13, 2019 4:33:43 PM it.unicam.cs.pa.mastermind2019.modelcontroller.ImpostazioniFileConfig isDuplicateAllow
INFO: Restituito il permesso di avere duplicati nel codice: false
set 13, 2019 4:33:43 PM it.unicam.cs.pa.mastermind2019.modelcontroller.ImpostazioniFileConfig getMaxCodValue
INFO: Restituita la lunghezza massima del codice: 6
set 13, 2019 4:33:43 PM it.unicam.cs.pa.mastermind2019.modelcontroller.ImpostazioniFileConfig isDuplicateAllow
INFO: Restituito il permesso di avere duplicati nel codice: false
set 13, 2019 4:33:43 PM it.unicam.cs.pa.mastermind2019.modelcontroller.ImpostazioniFileConfig getMaxCodValue
INFO: Restituita la lunghezza massima del codice: 6
set 13, 2019 4:33:43 PM it.unicam.cs.pa.mastermind2019.modelcontroller.ImpostazioniFileConfig isDuplicateAllow
INFO: Restituito il permesso di avere duplicati nel codice: false
set 13, 2019 4:33:43 PM it.unicam.cs.pa.mastermind2019.view.InputOutput humanGetCombination
INFO: Decisione accettata
set 13, 2019 4:33:43 PM it.unicam.cs.pa.mastermind2019.Human generateCode
INFO: Il player umano ha generato il codice: [4, 3, 1, 2]
set 13, 2019 4:33:43 PM it.unicam.cs.pa.mastermind2019.modelcontroller.Campo setCodeArray
INFO: Impostando [4, 3, 1, 2] come array da codificare
set 13, 2019 4:33:43 PM it.unicam.cs.pa.mastermind2019.modelcontroller.Campo getArrayFromCode
INFO: Restituito l'array [4, 3, 1, 2] da codificare
set 13, 2019 4:33:43 PM it.unicam.cs.pa.mastermind2019.view.InputOutput vediCodice
INFO: Stampato Array
set 13, 2019 4:33:43 PM it.unicam.cs.pa.mastermind2019.modelcontroller.Campo getArrayFromCode
INFO: Restituito l'array [4, 3, 1, 2] da codificare
set 13, 2019 4:33:43 PM it.unicam.cs.pa.mastermind2019.modelcontroller.MatchCoordinator check
INFO: Inizio controllo dei dati
set 13, 2019 4:33:43 PM it.unicam.cs.pa.mastermind2019.modelcontroller.Campo getArrayFromDeco
INFO: Restituito array[4, 2, 1, 3] da decodificare
set 13, 2019 4:33:43 PM it.unicam.cs.pa.mastermind2019.modelcontroller.ImpostazioniFileConfig getCodeLenght
INFO: Restituita la lunghezza del codice: 4
set 13, 2019 4:33:43 PM it.unicam.cs.pa.mastermind2019.modelcontroller.ImpostazioniFileConfig getCodeLenght
INFO: Restituita la lunghezza del codice: 4
set 13, 2019 4:33:43 PM it.unicam.cs.pa.mastermind2019.modelcontroller.ImpostazioniFileConfig getCodeLenght
INFO: Restituita la lunghezza del codice: 4
set 13, 2019 4:33:43 PM it.unicam.cs.pa.mastermind2019.modelcontroller.ImpostazioniFileConfig getCodeLenght
INFO: Restituita la lunghezza del codice: 4
set 13, 2019 4:33:43 PM it.unicam.cs.pa.mastermind2019.modelcontroller.ImpostazioniFileConfig getCodeLenght
INFO: Restituita la lunghezza del codice: 4
set 13, 2019 4:33:43 PM it.unicam.cs.pa.mastermind2019.modelcontroller.ImpostazioniFileConfig getCodeLenght
INFO: Restituita la lunghezza del codice: 4
set 13, 2019 4:33:43 PM it.unicam.cs.pa.mastermind2019.modelcontroller.ImpostazioniFileConfig getCodeLenght
INFO: Restituita la lunghezza del codice: 4
set 13, 2019 4:33:43 PM it.unicam.cs.pa.mastermind2019.modelcontroller.ImpostazioniFileConfig getCodeLenght
INFO: Restituita la lunghezza del codice: 4
set 13, 2019 4:33:43 PM it.unicam.cs.pa.mastermind2019.modelcontroller.ImpostazioniFileConfig getCodeLenght
INFO: Restituita la lunghezza del codice: 4
set 13, 2019 4:33:43 PM it.unicam.cs.pa.mastermind2019.modelcontroller.ImpostazioniFileConfig getCodeLenght
INFO: Restituita la lunghezza del codice: 4
set 13, 2019 4:33:43 PM it.unicam.cs.pa.mastermind2019.modelcontroller.ImpostazioniFileConfig getCodeLenght
INFO: Restituita la lunghezza del codice: 4
set 13, 2019 4:33:43 PM it.unicam.cs.pa.mastermind2019.modelcontroller.ImpostazioniFileConfig getCodeLenght
INFO: Restituita la lunghezza del codice: 4
set 13, 2019 4:33:43 PM it.unicam.cs.pa.mastermind2019.modelcontroller.ImpostazioniFileConfig getCodeLenght
INFO: Restituita la lunghezza del codice: 4
set 13, 2019 4:33:43 PM it.unicam.cs.pa.mastermind2019.modelcontroller.ImpostazioniFileConfig getCodeLenght
INFO: Restituita la lunghezza del codice: 4
set 13, 2019 4:33:43 PM it.unicam.cs.pa.mastermind2019.modelcontroller.ImpostazioniFileConfig getCodeLenght
INFO: Restituita la lunghezza del codice: 4
set 13, 2019 4:33:43 PM it.unicam.cs.pa.mastermind2019.modelcontroller.ImpostazioniFileConfig getCodeLenght
INFO: Restituita la lunghezza del codice: 4
set 13, 2019 4:33:43 PM it.unicam.cs.pa.mastermind2019.modelcontroller.ImpostazioniFileConfig getCodeLenght
INFO: Restituita la lunghezza del codice: 4
set 13, 2019 4:33:43 PM it.unicam.cs.pa.mastermind2019.modelcontroller.ImpostazioniFileConfig getCodeLenght
INFO: Restituita la lunghezza del codice: 4
set 13, 2019 4:33:43 PM it.unicam.cs.pa.mastermind2019.modelcontroller.ImpostazioniFileConfig getCodeLenght
INFO: Restituita la lunghezza del codice: 4
set 13, 2019 4:33:43 PM it.unicam.cs.pa.mastermind2019.modelcontroller.ImpostazioniFileConfig getCodeLenght
INFO: Restituita la lunghezza del codice: 4
set 13, 2019 4:33:43 PM it.unicam.cs.pa.mastermind2019.modelcontroller.ImpostazioniFileConfig getCodeLenght
INFO: Restituita la lunghezza del codice: 4
set 13, 2019 4:33:43 PM it.unicam.cs.pa.mastermind2019.modelcontroller.ImpostazioniFileConfig getCodeLenght
INFO: Restituita la lunghezza del codice: 4
set 13, 2019 4:33:43 PM it.unicam.cs.pa.mastermind2019.modelcontroller.ImpostazioniFileConfig getCodeLenght
INFO: Restituita la lunghezza del codice: 4
set 13, 2019 4:33:43 PM it.unicam.cs.pa.mastermind2019.modelcontroller.ImpostazioniFileConfig getCodeLenght
INFO: Restituita la lunghezza del codice: 4
set 13, 2019 4:33:43 PM it.unicam.cs.pa.mastermind2019.modelcontroller.ImpostazioniFileConfig getCodeLenght
INFO: Restituita la lunghezza del codice: 4
set 13, 2019 4:33:43 PM it.unicam.cs.pa.mastermind2019.modelcontroller.MatchCoordinator check
INFO: Controllo eseguito correttamente
set 13, 2019 4:33:43 PM it.unicam.cs.pa.mastermind2019.view.InputOutput attemptResault
INFO: Restituzione del suggerimento: [PC, PC, PE, PE]
set 13, 2019 4:33:43 PM it.unicam.cs.pa.mastermind2019.modelcontroller.Campo addSuggerimento
INFO: Aggiunto il suggerimento [PC, PC, PE, PE] ai suggerimenti
set 13, 2019 4:33:43 PM it.unicam.cs.pa.mastermind2019.modelcontroller.Campo getArrayFromDeco
INFO: Restituito array[4, 2, 1, 3] da decodificare
set 13, 2019 4:33:43 PM it.unicam.cs.pa.mastermind2019.modelcontroller.MatchCoordinator isWinner
INFO: Tentativo non vincente
set 13, 2019 4:33:43 PM it.unicam.cs.pa.mastermind2019.modelcontroller.MatchCoordinator play
INFO: 7 turni alla fine
set 13, 2019 4:33:43 PM it.unicam.cs.pa.mastermind2019.view.InputOutput humanGetCombination
INFO: Aspettando la decisione dell'utente
set 13, 2019 4:33:43 PM it.unicam.cs.pa.mastermind2019.modelcontroller.ImpostazioniFileConfig getCodeLenght
INFO: Restituita la lunghezza del codice: 4
set 13, 2019 4:33:43 PM it.unicam.cs.pa.mastermind2019.modelcontroller.ImpostazioniFileConfig getMaxCodValue
INFO: Restituita la lunghezza massima del codice: 6
set 13, 2019 4:34:21 PM it.unicam.cs.pa.mastermind2019.modelcontroller.ImpostazioniFileConfig getCodeLenght
INFO: Restituita la lunghezza del codice: 4
set 13, 2019 4:34:21 PM it.unicam.cs.pa.mastermind2019.modelcontroller.ImpostazioniFileConfig getMaxCodValue
INFO: Restituita la lunghezza massima del codice: 6
set 13, 2019 4:34:21 PM it.unicam.cs.pa.mastermind2019.modelcontroller.ImpostazioniFileConfig isDuplicateAllow
INFO: Restituito il permesso di avere duplicati nel codice: false
set 13, 2019 4:34:21 PM it.unicam.cs.pa.mastermind2019.modelcontroller.ImpostazioniFileConfig getMaxCodValue
INFO: Restituita la lunghezza massima del codice: 6
set 13, 2019 4:34:21 PM it.unicam.cs.pa.mastermind2019.modelcontroller.ImpostazioniFileConfig isDuplicateAllow
INFO: Restituito il permesso di avere duplicati nel codice: false
set 13, 2019 4:34:21 PM it.unicam.cs.pa.mastermind2019.modelcontroller.ImpostazioniFileConfig getMaxCodValue
INFO: Restituita la lunghezza massima del codice: 6
set 13, 2019 4:34:21 PM it.unicam.cs.pa.mastermind2019.modelcontroller.ImpostazioniFileConfig isDuplicateAllow
INFO: Restituito il permesso di avere duplicati nel codice: false
set 13, 2019 4:34:21 PM it.unicam.cs.pa.mastermind2019.modelcontroller.ImpostazioniFileConfig getMaxCodValue
INFO: Restituita la lunghezza massima del codice: 6
set 13, 2019 4:34:21 PM it.unicam.cs.pa.mastermind2019.modelcontroller.ImpostazioniFileConfig isDuplicateAllow
INFO: Restituito il permesso di avere duplicati nel codice: false
set 13, 2019 4:34:21 PM it.unicam.cs.pa.mastermind2019.view.InputOutput humanGetCombination
INFO: Decisione accettata
set 13, 2019 4:34:21 PM it.unicam.cs.pa.mastermind2019.Human generateCode
INFO: Il player umano ha generato il codice: [3, 4, 2, 1]
set 13, 2019 4:34:21 PM it.unicam.cs.pa.mastermind2019.modelcontroller.Campo setCodeArray
INFO: Impostando [3, 4, 2, 1] come array da codificare
set 13, 2019 4:34:21 PM it.unicam.cs.pa.mastermind2019.modelcontroller.Campo getArrayFromCode
INFO: Restituito l'array [3, 4, 2, 1] da codificare
set 13, 2019 4:34:21 PM it.unicam.cs.pa.mastermind2019.view.InputOutput vediCodice
INFO: Stampato Array
set 13, 2019 4:34:21 PM it.unicam.cs.pa.mastermind2019.modelcontroller.Campo getArrayFromCode
INFO: Restituito l'array [3, 4, 2, 1] da codificare
set 13, 2019 4:34:21 PM it.unicam.cs.pa.mastermind2019.modelcontroller.MatchCoordinator check
INFO: Inizio controllo dei dati
set 13, 2019 4:34:21 PM it.unicam.cs.pa.mastermind2019.modelcontroller.Campo getArrayFromDeco
INFO: Restituito array[4, 2, 1, 3] da decodificare
set 13, 2019 4:34:21 PM it.unicam.cs.pa.mastermind2019.modelcontroller.ImpostazioniFileConfig getCodeLenght
INFO: Restituita la lunghezza del codice: 4
set 13, 2019 4:34:21 PM it.unicam.cs.pa.mastermind2019.modelcontroller.ImpostazioniFileConfig getCodeLenght
INFO: Restituita la lunghezza del codice: 4
set 13, 2019 4:34:21 PM it.unicam.cs.pa.mastermind2019.modelcontroller.ImpostazioniFileConfig getCodeLenght
INFO: Restituita la lunghezza del codice: 4
set 13, 2019 4:34:21 PM it.unicam.cs.pa.mastermind2019.modelcontroller.ImpostazioniFileConfig getCodeLenght
INFO: Restituita la lunghezza del codice: 4
set 13, 2019 4:34:21 PM it.unicam.cs.pa.mastermind2019.modelcontroller.ImpostazioniFileConfig getCodeLenght
INFO: Restituita la lunghezza del codice: 4
set 13, 2019 4:34:21 PM it.unicam.cs.pa.mastermind2019.modelcontroller.ImpostazioniFileConfig getCodeLenght
INFO: Restituita la lunghezza del codice: 4
set 13, 2019 4:34:21 PM it.unicam.cs.pa.mastermind2019.modelcontroller.ImpostazioniFileConfig getCodeLenght
INFO: Restituita la lunghezza del codice: 4
set 13, 2019 4:34:21 PM it.unicam.cs.pa.mastermind2019.modelcontroller.ImpostazioniFileConfig getCodeLenght
INFO: Restituita la lunghezza del codice: 4
set 13, 2019 4:34:21 PM it.unicam.cs.pa.mastermind2019.modelcontroller.ImpostazioniFileConfig getCodeLenght
INFO: Restituita la lunghezza del codice: 4
set 13, 2019 4:34:21 PM it.unicam.cs.pa.mastermind2019.modelcontroller.ImpostazioniFileConfig getCodeLenght
INFO: Restituita la lunghezza del codice: 4
set 13, 2019 4:34:21 PM it.unicam.cs.pa.mastermind2019.modelcontroller.ImpostazioniFileConfig getCodeLenght
INFO: Restituita la lunghezza del codice: 4
set 13, 2019 4:34:21 PM it.unicam.cs.pa.mastermind2019.modelcontroller.ImpostazioniFileConfig getCodeLenght
INFO: Restituita la lunghezza del codice: 4
set 13, 2019 4:34:21 PM it.unicam.cs.pa.mastermind2019.modelcontroller.ImpostazioniFileConfig getCodeLenght
INFO: Restituita la lunghezza del codice: 4
set 13, 2019 4:34:21 PM it.unicam.cs.pa.mastermind2019.modelcontroller.ImpostazioniFileConfig getCodeLenght
INFO: Restituita la lunghezza del codice: 4
set 13, 2019 4:34:21 PM it.unicam.cs.pa.mastermind2019.modelcontroller.ImpostazioniFileConfig getCodeLenght
INFO: Restituita la lunghezza del codice: 4
set 13, 2019 4:34:21 PM it.unicam.cs.pa.mastermind2019.modelcontroller.ImpostazioniFileConfig getCodeLenght
INFO: Restituita la lunghezza del codice: 4
set 13, 2019 4:34:21 PM it.unicam.cs.pa.mastermind2019.modelcontroller.ImpostazioniFileConfig getCodeLenght
INFO: Restituita la lunghezza del codice: 4
set 13, 2019 4:34:21 PM it.unicam.cs.pa.mastermind2019.modelcontroller.ImpostazioniFileConfig getCodeLenght
INFO: Restituita la lunghezza del codice: 4
set 13, 2019 4:34:21 PM it.unicam.cs.pa.mastermind2019.modelcontroller.ImpostazioniFileConfig getCodeLenght
INFO: Restituita la lunghezza del codice: 4
set 13, 2019 4:34:21 PM it.unicam.cs.pa.mastermind2019.modelcontroller.ImpostazioniFileConfig getCodeLenght
INFO: Restituita la lunghezza del codice: 4
set 13, 2019 4:34:21 PM it.unicam.cs.pa.mastermind2019.modelcontroller.ImpostazioniFileConfig getCodeLenght
INFO: Restituita la lunghezza del codice: 4
set 13, 2019 4:34:21 PM it.unicam.cs.pa.mastermind2019.modelcontroller.ImpostazioniFileConfig getCodeLenght
INFO: Restituita la lunghezza del codice: 4
set 13, 2019 4:34:21 PM it.unicam.cs.pa.mastermind2019.modelcontroller.ImpostazioniFileConfig getCodeLenght
INFO: Restituita la lunghezza del codice: 4
set 13, 2019 4:34:21 PM it.unicam.cs.pa.mastermind2019.modelcontroller.ImpostazioniFileConfig getCodeLenght
INFO: Restituita la lunghezza del codice: 4
set 13, 2019 4:34:21 PM it.unicam.cs.pa.mastermind2019.modelcontroller.ImpostazioniFileConfig getCodeLenght
INFO: Restituita la lunghezza del codice: 4
set 13, 2019 4:34:21 PM it.unicam.cs.pa.mastermind2019.modelcontroller.ImpostazioniFileConfig getCodeLenght
INFO: Restituita la lunghezza del codice: 4
set 13, 2019 4:34:21 PM it.unicam.cs.pa.mastermind2019.modelcontroller.ImpostazioniFileConfig getCodeLenght
INFO: Restituita la lunghezza del codice: 4
set 13, 2019 4:34:21 PM it.unicam.cs.pa.mastermind2019.modelcontroller.ImpostazioniFileConfig getCodeLenght
INFO: Restituita la lunghezza del codice: 4
set 13, 2019 4:34:21 PM it.unicam.cs.pa.mastermind2019.modelcontroller.ImpostazioniFileConfig getCodeLenght
INFO: Restituita la lunghezza del codice: 4
set 13, 2019 4:34:21 PM it.unicam.cs.pa.mastermind2019.modelcontroller.ImpostazioniFileConfig getCodeLenght
INFO: Restituita la lunghezza del codice: 4
set 13, 2019 4:34:21 PM it.unicam.cs.pa.mastermind2019.modelcontroller.ImpostazioniFileConfig getCodeLenght
INFO: Restituita la lunghezza del codice: 4
set 13, 2019 4:34:21 PM it.unicam.cs.pa.mastermind2019.modelcontroller.ImpostazioniFileConfig getCodeLenght
INFO: Restituita la lunghezza del codice: 4
set 13, 2019 4:34:21 PM it.unicam.cs.pa.mastermind2019.modelcontroller.ImpostazioniFileConfig getCodeLenght
INFO: Restituita la lunghezza del codice: 4
set 13, 2019 4:34:21 PM it.unicam.cs.pa.mastermind2019.modelcontroller.ImpostazioniFileConfig getCodeLenght
INFO: Restituita la lunghezza del codice: 4
set 13, 2019 4:34:21 PM it.unicam.cs.pa.mastermind2019.modelcontroller.ImpostazioniFileConfig getCodeLenght
INFO: Restituita la lunghezza del codice: 4
set 13, 2019 4:34:21 PM it.unicam.cs.pa.mastermind2019.modelcontroller.MatchCoordinator check
INFO: Controllo eseguito correttamente
set 13, 2019 4:34:21 PM it.unicam.cs.pa.mastermind2019.view.InputOutput attemptResault
INFO: Restituzione del suggerimento: [PE, PE, PE, PE]
set 13, 2019 4:34:21 PM it.unicam.cs.pa.mastermind2019.modelcontroller.Campo addSuggerimento
INFO: Aggiunto il suggerimento [PE, PE, PE, PE] ai suggerimenti
set 13, 2019 4:34:21 PM it.unicam.cs.pa.mastermind2019.modelcontroller.Campo getArrayFromDeco
INFO: Restituito array[4, 2, 1, 3] da decodificare
set 13, 2019 4:34:21 PM it.unicam.cs.pa.mastermind2019.modelcontroller.MatchCoordinator isWinner
INFO: Tentativo non vincente
set 13, 2019 4:34:21 PM it.unicam.cs.pa.mastermind2019.modelcontroller.MatchCoordinator play
INFO: 6 turni alla fine
set 13, 2019 4:34:21 PM it.unicam.cs.pa.mastermind2019.view.InputOutput humanGetCombination
INFO: Aspettando la decisione dell'utente
set 13, 2019 4:34:21 PM it.unicam.cs.pa.mastermind2019.modelcontroller.ImpostazioniFileConfig getCodeLenght
INFO: Restituita la lunghezza del codice: 4
set 13, 2019 4:34:21 PM it.unicam.cs.pa.mastermind2019.modelcontroller.ImpostazioniFileConfig getMaxCodValue
INFO: Restituita la lunghezza massima del codice: 6
set 13, 2019 4:34:32 PM it.unicam.cs.pa.mastermind2019.modelcontroller.ImpostazioniFileConfig getCodeLenght
INFO: Restituita la lunghezza del codice: 4
set 13, 2019 4:34:32 PM it.unicam.cs.pa.mastermind2019.modelcontroller.ImpostazioniFileConfig getMaxCodValue
INFO: Restituita la lunghezza massima del codice: 6
set 13, 2019 4:34:32 PM it.unicam.cs.pa.mastermind2019.modelcontroller.ImpostazioniFileConfig isDuplicateAllow
INFO: Restituito il permesso di avere duplicati nel codice: false
set 13, 2019 4:34:32 PM it.unicam.cs.pa.mastermind2019.modelcontroller.ImpostazioniFileConfig getMaxCodValue
INFO: Restituita la lunghezza massima del codice: 6
set 13, 2019 4:34:32 PM it.unicam.cs.pa.mastermind2019.modelcontroller.ImpostazioniFileConfig isDuplicateAllow
INFO: Restituito il permesso di avere duplicati nel codice: false
set 13, 2019 4:34:32 PM it.unicam.cs.pa.mastermind2019.modelcontroller.ImpostazioniFileConfig getMaxCodValue
INFO: Restituita la lunghezza massima del codice: 6
set 13, 2019 4:34:32 PM it.unicam.cs.pa.mastermind2019.modelcontroller.ImpostazioniFileConfig isDuplicateAllow
INFO: Restituito il permesso di avere duplicati nel codice: false
set 13, 2019 4:34:32 PM it.unicam.cs.pa.mastermind2019.modelcontroller.ImpostazioniFileConfig getMaxCodValue
INFO: Restituita la lunghezza massima del codice: 6
set 13, 2019 4:34:32 PM it.unicam.cs.pa.mastermind2019.modelcontroller.ImpostazioniFileConfig isDuplicateAllow
INFO: Restituito il permesso di avere duplicati nel codice: false
set 13, 2019 4:34:32 PM it.unicam.cs.pa.mastermind2019.view.InputOutput humanGetCombination
INFO: Decisione accettata
set 13, 2019 4:34:32 PM it.unicam.cs.pa.mastermind2019.Human generateCode
INFO: Il player umano ha generato il codice: [1, 2, 3, 4]
set 13, 2019 4:34:32 PM it.unicam.cs.pa.mastermind2019.modelcontroller.Campo setCodeArray
INFO: Impostando [1, 2, 3, 4] come array da codificare
set 13, 2019 4:34:32 PM it.unicam.cs.pa.mastermind2019.modelcontroller.Campo getArrayFromCode
INFO: Restituito l'array [1, 2, 3, 4] da codificare
set 13, 2019 4:34:32 PM it.unicam.cs.pa.mastermind2019.view.InputOutput vediCodice
INFO: Stampato Array
set 13, 2019 4:34:32 PM it.unicam.cs.pa.mastermind2019.modelcontroller.Campo getArrayFromCode
INFO: Restituito l'array [1, 2, 3, 4] da codificare
set 13, 2019 4:34:32 PM it.unicam.cs.pa.mastermind2019.modelcontroller.MatchCoordinator check
INFO: Inizio controllo dei dati
set 13, 2019 4:34:32 PM it.unicam.cs.pa.mastermind2019.modelcontroller.Campo getArrayFromDeco
INFO: Restituito array[4, 2, 1, 3] da decodificare
set 13, 2019 4:34:32 PM it.unicam.cs.pa.mastermind2019.modelcontroller.ImpostazioniFileConfig getCodeLenght
INFO: Restituita la lunghezza del codice: 4
set 13, 2019 4:34:32 PM it.unicam.cs.pa.mastermind2019.modelcontroller.ImpostazioniFileConfig getCodeLenght
INFO: Restituita la lunghezza del codice: 4
set 13, 2019 4:34:32 PM it.unicam.cs.pa.mastermind2019.modelcontroller.ImpostazioniFileConfig getCodeLenght
INFO: Restituita la lunghezza del codice: 4
set 13, 2019 4:34:32 PM it.unicam.cs.pa.mastermind2019.modelcontroller.ImpostazioniFileConfig getCodeLenght
INFO: Restituita la lunghezza del codice: 4
set 13, 2019 4:34:32 PM it.unicam.cs.pa.mastermind2019.modelcontroller.ImpostazioniFileConfig getCodeLenght
INFO: Restituita la lunghezza del codice: 4
set 13, 2019 4:34:32 PM it.unicam.cs.pa.mastermind2019.modelcontroller.ImpostazioniFileConfig getCodeLenght
INFO: Restituita la lunghezza del codice: 4
set 13, 2019 4:34:32 PM it.unicam.cs.pa.mastermind2019.modelcontroller.ImpostazioniFileConfig getCodeLenght
INFO: Restituita la lunghezza del codice: 4
set 13, 2019 4:34:32 PM it.unicam.cs.pa.mastermind2019.modelcontroller.ImpostazioniFileConfig getCodeLenght
INFO: Restituita la lunghezza del codice: 4
set 13, 2019 4:34:32 PM it.unicam.cs.pa.mastermind2019.modelcontroller.ImpostazioniFileConfig getCodeLenght
INFO: Restituita la lunghezza del codice: 4
set 13, 2019 4:34:32 PM it.unicam.cs.pa.mastermind2019.modelcontroller.ImpostazioniFileConfig getCodeLenght
INFO: Restituita la lunghezza del codice: 4
set 13, 2019 4:34:32 PM it.unicam.cs.pa.mastermind2019.modelcontroller.ImpostazioniFileConfig getCodeLenght
INFO: Restituita la lunghezza del codice: 4
set 13, 2019 4:34:32 PM it.unicam.cs.pa.mastermind2019.modelcontroller.ImpostazioniFileConfig getCodeLenght
INFO: Restituita la lunghezza del codice: 4
set 13, 2019 4:34:32 PM it.unicam.cs.pa.mastermind2019.modelcontroller.ImpostazioniFileConfig getCodeLenght
INFO: Restituita la lunghezza del codice: 4
set 13, 2019 4:34:32 PM it.unicam.cs.pa.mastermind2019.modelcontroller.ImpostazioniFileConfig getCodeLenght
INFO: Restituita la lunghezza del codice: 4
set 13, 2019 4:34:32 PM it.unicam.cs.pa.mastermind2019.modelcontroller.ImpostazioniFileConfig getCodeLenght
INFO: Restituita la lunghezza del codice: 4
set 13, 2019 4:34:32 PM it.unicam.cs.pa.mastermind2019.modelcontroller.ImpostazioniFileConfig getCodeLenght
INFO: Restituita la lunghezza del codice: 4
set 13, 2019 4:34:32 PM it.unicam.cs.pa.mastermind2019.modelcontroller.ImpostazioniFileConfig getCodeLenght
INFO: Restituita la lunghezza del codice: 4
set 13, 2019 4:34:32 PM it.unicam.cs.pa.mastermind2019.modelcontroller.ImpostazioniFileConfig getCodeLenght
INFO: Restituita la lunghezza del codice: 4
set 13, 2019 4:34:32 PM it.unicam.cs.pa.mastermind2019.modelcontroller.ImpostazioniFileConfig getCodeLenght
INFO: Restituita la lunghezza del codice: 4
set 13, 2019 4:34:32 PM it.unicam.cs.pa.mastermind2019.modelcontroller.ImpostazioniFileConfig getCodeLenght
INFO: Restituita la lunghezza del codice: 4
set 13, 2019 4:34:32 PM it.unicam.cs.pa.mastermind2019.modelcontroller.ImpostazioniFileConfig getCodeLenght
INFO: Restituita la lunghezza del codice: 4
set 13, 2019 4:34:32 PM it.unicam.cs.pa.mastermind2019.modelcontroller.ImpostazioniFileConfig getCodeLenght
INFO: Restituita la lunghezza del codice: 4
set 13, 2019 4:34:32 PM it.unicam.cs.pa.mastermind2019.modelcontroller.ImpostazioniFileConfig getCodeLenght
INFO: Restituita la lunghezza del codice: 4
set 13, 2019 4:34:32 PM it.unicam.cs.pa.mastermind2019.modelcontroller.ImpostazioniFileConfig getCodeLenght
INFO: Restituita la lunghezza del codice: 4
set 13, 2019 4:34:32 PM it.unicam.cs.pa.mastermind2019.modelcontroller.ImpostazioniFileConfig getCodeLenght
INFO: Restituita la lunghezza del codice: 4
set 13, 2019 4:34:32 PM it.unicam.cs.pa.mastermind2019.modelcontroller.ImpostazioniFileConfig getCodeLenght
INFO: Restituita la lunghezza del codice: 4
set 13, 2019 4:34:32 PM it.unicam.cs.pa.mastermind2019.modelcontroller.ImpostazioniFileConfig getCodeLenght
INFO: Restituita la lunghezza del codice: 4
set 13, 2019 4:34:32 PM it.unicam.cs.pa.mastermind2019.modelcontroller.ImpostazioniFileConfig getCodeLenght
INFO: Restituita la lunghezza del codice: 4
set 13, 2019 4:34:32 PM it.unicam.cs.pa.mastermind2019.modelcontroller.ImpostazioniFileConfig getCodeLenght
INFO: Restituita la lunghezza del codice: 4
set 13, 2019 4:34:32 PM it.unicam.cs.pa.mastermind2019.modelcontroller.ImpostazioniFileConfig getCodeLenght
INFO: Restituita la lunghezza del codice: 4
set 13, 2019 4:34:32 PM it.unicam.cs.pa.mastermind2019.modelcontroller.MatchCoordinator check
INFO: Controllo eseguito correttamente
set 13, 2019 4:34:32 PM it.unicam.cs.pa.mastermind2019.view.InputOutput attemptResault
INFO: Restituzione del suggerimento: [PC, PE, PE, PE]
set 13, 2019 4:34:32 PM it.unicam.cs.pa.mastermind2019.modelcontroller.Campo addSuggerimento
INFO: Aggiunto il suggerimento [PC, PE, PE, PE] ai suggerimenti
set 13, 2019 4:34:32 PM it.unicam.cs.pa.mastermind2019.modelcontroller.Campo getArrayFromDeco
INFO: Restituito array[4, 2, 1, 3] da decodificare
set 13, 2019 4:34:32 PM it.unicam.cs.pa.mastermind2019.modelcontroller.MatchCoordinator isWinner
INFO: Tentativo non vincente
set 13, 2019 4:34:32 PM it.unicam.cs.pa.mastermind2019.modelcontroller.MatchCoordinator play
INFO: 5 turni alla fine
set 13, 2019 4:34:32 PM it.unicam.cs.pa.mastermind2019.view.InputOutput humanGetCombination
INFO: Aspettando la decisione dell'utente
set 13, 2019 4:34:32 PM it.unicam.cs.pa.mastermind2019.modelcontroller.ImpostazioniFileConfig getCodeLenght
INFO: Restituita la lunghezza del codice: 4
set 13, 2019 4:34:32 PM it.unicam.cs.pa.mastermind2019.modelcontroller.ImpostazioniFileConfig getMaxCodValue
INFO: Restituita la lunghezza massima del codice: 6
set 13, 2019 4:34:46 PM it.unicam.cs.pa.mastermind2019.modelcontroller.ImpostazioniFileConfig getCodeLenght
INFO: Restituita la lunghezza del codice: 4
set 13, 2019 4:34:46 PM it.unicam.cs.pa.mastermind2019.modelcontroller.ImpostazioniFileConfig getMaxCodValue
INFO: Restituita la lunghezza massima del codice: 6
set 13, 2019 4:34:46 PM it.unicam.cs.pa.mastermind2019.modelcontroller.ImpostazioniFileConfig isDuplicateAllow
INFO: Restituito il permesso di avere duplicati nel codice: false
set 13, 2019 4:34:46 PM it.unicam.cs.pa.mastermind2019.modelcontroller.ImpostazioniFileConfig getMaxCodValue
INFO: Restituita la lunghezza massima del codice: 6
set 13, 2019 4:34:46 PM it.unicam.cs.pa.mastermind2019.modelcontroller.ImpostazioniFileConfig isDuplicateAllow
INFO: Restituito il permesso di avere duplicati nel codice: false
set 13, 2019 4:34:46 PM it.unicam.cs.pa.mastermind2019.modelcontroller.ImpostazioniFileConfig getMaxCodValue
INFO: Restituita la lunghezza massima del codice: 6
set 13, 2019 4:34:46 PM it.unicam.cs.pa.mastermind2019.modelcontroller.ImpostazioniFileConfig isDuplicateAllow
INFO: Restituito il permesso di avere duplicati nel codice: false
set 13, 2019 4:34:46 PM it.unicam.cs.pa.mastermind2019.modelcontroller.ImpostazioniFileConfig getMaxCodValue
INFO: Restituita la lunghezza massima del codice: 6
set 13, 2019 4:34:46 PM it.unicam.cs.pa.mastermind2019.modelcontroller.ImpostazioniFileConfig isDuplicateAllow
INFO: Restituito il permesso di avere duplicati nel codice: false
set 13, 2019 4:34:46 PM it.unicam.cs.pa.mastermind2019.view.InputOutput humanGetCombination
INFO: Decisione accettata
set 13, 2019 4:34:46 PM it.unicam.cs.pa.mastermind2019.Human generateCode
INFO: Il player umano ha generato il codice: [2, 4, 1, 3]
set 13, 2019 4:34:46 PM it.unicam.cs.pa.mastermind2019.modelcontroller.Campo setCodeArray
INFO: Impostando [2, 4, 1, 3] come array da codificare
set 13, 2019 4:34:46 PM it.unicam.cs.pa.mastermind2019.modelcontroller.Campo getArrayFromCode
INFO: Restituito l'array [2, 4, 1, 3] da codificare
set 13, 2019 4:34:46 PM it.unicam.cs.pa.mastermind2019.view.InputOutput vediCodice
INFO: Stampato Array
set 13, 2019 4:34:46 PM it.unicam.cs.pa.mastermind2019.modelcontroller.Campo getArrayFromCode
INFO: Restituito l'array [2, 4, 1, 3] da codificare
set 13, 2019 4:34:46 PM it.unicam.cs.pa.mastermind2019.modelcontroller.MatchCoordinator check
INFO: Inizio controllo dei dati
set 13, 2019 4:34:46 PM it.unicam.cs.pa.mastermind2019.modelcontroller.Campo getArrayFromDeco
INFO: Restituito array[4, 2, 1, 3] da decodificare
set 13, 2019 4:34:46 PM it.unicam.cs.pa.mastermind2019.modelcontroller.ImpostazioniFileConfig getCodeLenght
INFO: Restituita la lunghezza del codice: 4
set 13, 2019 4:34:46 PM it.unicam.cs.pa.mastermind2019.modelcontroller.ImpostazioniFileConfig getCodeLenght
INFO: Restituita la lunghezza del codice: 4
set 13, 2019 4:34:46 PM it.unicam.cs.pa.mastermind2019.modelcontroller.ImpostazioniFileConfig getCodeLenght
INFO: Restituita la lunghezza del codice: 4
set 13, 2019 4:34:46 PM it.unicam.cs.pa.mastermind2019.modelcontroller.ImpostazioniFileConfig getCodeLenght
INFO: Restituita la lunghezza del codice: 4
set 13, 2019 4:34:46 PM it.unicam.cs.pa.mastermind2019.modelcontroller.ImpostazioniFileConfig getCodeLenght
INFO: Restituita la lunghezza del codice: 4
set 13, 2019 4:34:46 PM it.unicam.cs.pa.mastermind2019.modelcontroller.ImpostazioniFileConfig getCodeLenght
INFO: Restituita la lunghezza del codice: 4
set 13, 2019 4:34:46 PM it.unicam.cs.pa.mastermind2019.modelcontroller.ImpostazioniFileConfig getCodeLenght
INFO: Restituita la lunghezza del codice: 4
set 13, 2019 4:34:46 PM it.unicam.cs.pa.mastermind2019.modelcontroller.ImpostazioniFileConfig getCodeLenght
INFO: Restituita la lunghezza del codice: 4
set 13, 2019 4:34:46 PM it.unicam.cs.pa.mastermind2019.modelcontroller.ImpostazioniFileConfig getCodeLenght
INFO: Restituita la lunghezza del codice: 4
set 13, 2019 4:34:46 PM it.unicam.cs.pa.mastermind2019.modelcontroller.ImpostazioniFileConfig getCodeLenght
INFO: Restituita la lunghezza del codice: 4
set 13, 2019 4:34:46 PM it.unicam.cs.pa.mastermind2019.modelcontroller.ImpostazioniFileConfig getCodeLenght
INFO: Restituita la lunghezza del codice: 4
set 13, 2019 4:34:46 PM it.unicam.cs.pa.mastermind2019.modelcontroller.ImpostazioniFileConfig getCodeLenght
INFO: Restituita la lunghezza del codice: 4
set 13, 2019 4:34:46 PM it.unicam.cs.pa.mastermind2019.modelcontroller.ImpostazioniFileConfig getCodeLenght
INFO: Restituita la lunghezza del codice: 4
set 13, 2019 4:34:46 PM it.unicam.cs.pa.mastermind2019.modelcontroller.ImpostazioniFileConfig getCodeLenght
INFO: Restituita la lunghezza del codice: 4
set 13, 2019 4:34:46 PM it.unicam.cs.pa.mastermind2019.modelcontroller.ImpostazioniFileConfig getCodeLenght
INFO: Restituita la lunghezza del codice: 4
set 13, 2019 4:34:46 PM it.unicam.cs.pa.mastermind2019.modelcontroller.ImpostazioniFileConfig getCodeLenght
INFO: Restituita la lunghezza del codice: 4
set 13, 2019 4:34:46 PM it.unicam.cs.pa.mastermind2019.modelcontroller.ImpostazioniFileConfig getCodeLenght
INFO: Restituita la lunghezza del codice: 4
set 13, 2019 4:34:46 PM it.unicam.cs.pa.mastermind2019.modelcontroller.ImpostazioniFileConfig getCodeLenght
INFO: Restituita la lunghezza del codice: 4
set 13, 2019 4:34:46 PM it.unicam.cs.pa.mastermind2019.modelcontroller.ImpostazioniFileConfig getCodeLenght
INFO: Restituita la lunghezza del codice: 4
set 13, 2019 4:34:46 PM it.unicam.cs.pa.mastermind2019.modelcontroller.ImpostazioniFileConfig getCodeLenght
INFO: Restituita la lunghezza del codice: 4
set 13, 2019 4:34:46 PM it.unicam.cs.pa.mastermind2019.modelcontroller.ImpostazioniFileConfig getCodeLenght
INFO: Restituita la lunghezza del codice: 4
set 13, 2019 4:34:46 PM it.unicam.cs.pa.mastermind2019.modelcontroller.ImpostazioniFileConfig getCodeLenght
INFO: Restituita la lunghezza del codice: 4
set 13, 2019 4:34:46 PM it.unicam.cs.pa.mastermind2019.modelcontroller.ImpostazioniFileConfig getCodeLenght
INFO: Restituita la lunghezza del codice: 4
set 13, 2019 4:34:46 PM it.unicam.cs.pa.mastermind2019.modelcontroller.ImpostazioniFileConfig getCodeLenght
INFO: Restituita la lunghezza del codice: 4
set 13, 2019 4:34:46 PM it.unicam.cs.pa.mastermind2019.modelcontroller.ImpostazioniFileConfig getCodeLenght
INFO: Restituita la lunghezza del codice: 4
set 13, 2019 4:34:46 PM it.unicam.cs.pa.mastermind2019.modelcontroller.MatchCoordinator check
INFO: Controllo eseguito correttamente
set 13, 2019 4:34:46 PM it.unicam.cs.pa.mastermind2019.view.InputOutput attemptResault
INFO: Restituzione del suggerimento: [PC, PC, PE, PE]
set 13, 2019 4:34:46 PM it.unicam.cs.pa.mastermind2019.modelcontroller.Campo addSuggerimento
INFO: Aggiunto il suggerimento [PC, PC, PE, PE] ai suggerimenti
set 13, 2019 4:34:46 PM it.unicam.cs.pa.mastermind2019.modelcontroller.Campo getArrayFromDeco
INFO: Restituito array[4, 2, 1, 3] da decodificare
set 13, 2019 4:34:46 PM it.unicam.cs.pa.mastermind2019.modelcontroller.MatchCoordinator isWinner
INFO: Tentativo non vincente
set 13, 2019 4:34:46 PM it.unicam.cs.pa.mastermind2019.modelcontroller.MatchCoordinator play
INFO: 4 turni alla fine
set 13, 2019 4:34:46 PM it.unicam.cs.pa.mastermind2019.view.InputOutput humanGetCombination
INFO: Aspettando la decisione dell'utente
set 13, 2019 4:34:46 PM it.unicam.cs.pa.mastermind2019.modelcontroller.ImpostazioniFileConfig getCodeLenght
INFO: Restituita la lunghezza del codice: 4
set 13, 2019 4:34:46 PM it.unicam.cs.pa.mastermind2019.modelcontroller.ImpostazioniFileConfig getMaxCodValue
INFO: Restituita la lunghezza massima del codice: 6
set 13, 2019 4:34:52 PM it.unicam.cs.pa.mastermind2019.modelcontroller.ImpostazioniFileConfig getCodeLenght
INFO: Restituita la lunghezza del codice: 4
set 13, 2019 4:34:52 PM it.unicam.cs.pa.mastermind2019.modelcontroller.ImpostazioniFileConfig getMaxCodValue
INFO: Restituita la lunghezza massima del codice: 6
set 13, 2019 4:34:52 PM it.unicam.cs.pa.mastermind2019.modelcontroller.ImpostazioniFileConfig isDuplicateAllow
INFO: Restituito il permesso di avere duplicati nel codice: false
set 13, 2019 4:34:52 PM it.unicam.cs.pa.mastermind2019.modelcontroller.ImpostazioniFileConfig getMaxCodValue
INFO: Restituita la lunghezza massima del codice: 6
set 13, 2019 4:34:52 PM it.unicam.cs.pa.mastermind2019.modelcontroller.ImpostazioniFileConfig isDuplicateAllow
INFO: Restituito il permesso di avere duplicati nel codice: false
set 13, 2019 4:34:52 PM it.unicam.cs.pa.mastermind2019.modelcontroller.ImpostazioniFileConfig getMaxCodValue
INFO: Restituita la lunghezza massima del codice: 6
set 13, 2019 4:34:52 PM it.unicam.cs.pa.mastermind2019.modelcontroller.ImpostazioniFileConfig isDuplicateAllow
INFO: Restituito il permesso di avere duplicati nel codice: false
set 13, 2019 4:34:52 PM it.unicam.cs.pa.mastermind2019.modelcontroller.ImpostazioniFileConfig getMaxCodValue
INFO: Restituita la lunghezza massima del codice: 6
set 13, 2019 4:34:52 PM it.unicam.cs.pa.mastermind2019.modelcontroller.ImpostazioniFileConfig isDuplicateAllow
INFO: Restituito il permesso di avere duplicati nel codice: false
set 13, 2019 4:34:52 PM it.unicam.cs.pa.mastermind2019.view.InputOutput humanGetCombination
INFO: Decisione accettata
set 13, 2019 4:34:52 PM it.unicam.cs.pa.mastermind2019.Human generateCode
INFO: Il player umano ha generato il codice: [2, 3, 1, 4]
set 13, 2019 4:34:52 PM it.unicam.cs.pa.mastermind2019.modelcontroller.Campo setCodeArray
INFO: Impostando [2, 3, 1, 4] come array da codificare
set 13, 2019 4:34:52 PM it.unicam.cs.pa.mastermind2019.modelcontroller.Campo getArrayFromCode
INFO: Restituito l'array [2, 3, 1, 4] da codificare
set 13, 2019 4:34:52 PM it.unicam.cs.pa.mastermind2019.view.InputOutput vediCodice
INFO: Stampato Array
set 13, 2019 4:34:52 PM it.unicam.cs.pa.mastermind2019.modelcontroller.Campo getArrayFromCode
INFO: Restituito l'array [2, 3, 1, 4] da codificare
set 13, 2019 4:34:52 PM it.unicam.cs.pa.mastermind2019.modelcontroller.MatchCoordinator check
INFO: Inizio controllo dei dati
set 13, 2019 4:34:52 PM it.unicam.cs.pa.mastermind2019.modelcontroller.Campo getArrayFromDeco
INFO: Restituito array[4, 2, 1, 3] da decodificare
set 13, 2019 4:34:52 PM it.unicam.cs.pa.mastermind2019.modelcontroller.ImpostazioniFileConfig getCodeLenght
INFO: Restituita la lunghezza del codice: 4
set 13, 2019 4:34:52 PM it.unicam.cs.pa.mastermind2019.modelcontroller.ImpostazioniFileConfig getCodeLenght
INFO: Restituita la lunghezza del codice: 4
set 13, 2019 4:34:52 PM it.unicam.cs.pa.mastermind2019.modelcontroller.ImpostazioniFileConfig getCodeLenght
INFO: Restituita la lunghezza del codice: 4
set 13, 2019 4:34:52 PM it.unicam.cs.pa.mastermind2019.modelcontroller.ImpostazioniFileConfig getCodeLenght
INFO: Restituita la lunghezza del codice: 4
set 13, 2019 4:34:52 PM it.unicam.cs.pa.mastermind2019.modelcontroller.ImpostazioniFileConfig getCodeLenght
INFO: Restituita la lunghezza del codice: 4
set 13, 2019 4:34:52 PM it.unicam.cs.pa.mastermind2019.modelcontroller.ImpostazioniFileConfig getCodeLenght
INFO: Restituita la lunghezza del codice: 4
set 13, 2019 4:34:52 PM it.unicam.cs.pa.mastermind2019.modelcontroller.ImpostazioniFileConfig getCodeLenght
INFO: Restituita la lunghezza del codice: 4
set 13, 2019 4:34:52 PM it.unicam.cs.pa.mastermind2019.modelcontroller.ImpostazioniFileConfig getCodeLenght
INFO: Restituita la lunghezza del codice: 4
set 13, 2019 4:34:52 PM it.unicam.cs.pa.mastermind2019.modelcontroller.ImpostazioniFileConfig getCodeLenght
INFO: Restituita la lunghezza del codice: 4
set 13, 2019 4:34:52 PM it.unicam.cs.pa.mastermind2019.modelcontroller.ImpostazioniFileConfig getCodeLenght
INFO: Restituita la lunghezza del codice: 4
set 13, 2019 4:34:52 PM it.unicam.cs.pa.mastermind2019.modelcontroller.ImpostazioniFileConfig getCodeLenght
INFO: Restituita la lunghezza del codice: 4
set 13, 2019 4:34:52 PM it.unicam.cs.pa.mastermind2019.modelcontroller.ImpostazioniFileConfig getCodeLenght
INFO: Restituita la lunghezza del codice: 4
set 13, 2019 4:34:52 PM it.unicam.cs.pa.mastermind2019.modelcontroller.ImpostazioniFileConfig getCodeLenght
INFO: Restituita la lunghezza del codice: 4
set 13, 2019 4:34:52 PM it.unicam.cs.pa.mastermind2019.modelcontroller.ImpostazioniFileConfig getCodeLenght
INFO: Restituita la lunghezza del codice: 4
set 13, 2019 4:34:52 PM it.unicam.cs.pa.mastermind2019.modelcontroller.ImpostazioniFileConfig getCodeLenght
INFO: Restituita la lunghezza del codice: 4
set 13, 2019 4:34:52 PM it.unicam.cs.pa.mastermind2019.modelcontroller.ImpostazioniFileConfig getCodeLenght
INFO: Restituita la lunghezza del codice: 4
set 13, 2019 4:34:52 PM it.unicam.cs.pa.mastermind2019.modelcontroller.ImpostazioniFileConfig getCodeLenght
INFO: Restituita la lunghezza del codice: 4
set 13, 2019 4:34:52 PM it.unicam.cs.pa.mastermind2019.modelcontroller.ImpostazioniFileConfig getCodeLenght
INFO: Restituita la lunghezza del codice: 4
set 13, 2019 4:34:52 PM it.unicam.cs.pa.mastermind2019.modelcontroller.ImpostazioniFileConfig getCodeLenght
INFO: Restituita la lunghezza del codice: 4
set 13, 2019 4:34:52 PM it.unicam.cs.pa.mastermind2019.modelcontroller.ImpostazioniFileConfig getCodeLenght
INFO: Restituita la lunghezza del codice: 4
set 13, 2019 4:34:52 PM it.unicam.cs.pa.mastermind2019.modelcontroller.ImpostazioniFileConfig getCodeLenght
INFO: Restituita la lunghezza del codice: 4
set 13, 2019 4:34:52 PM it.unicam.cs.pa.mastermind2019.modelcontroller.ImpostazioniFileConfig getCodeLenght
INFO: Restituita la lunghezza del codice: 4
set 13, 2019 4:34:52 PM it.unicam.cs.pa.mastermind2019.modelcontroller.ImpostazioniFileConfig getCodeLenght
INFO: Restituita la lunghezza del codice: 4
set 13, 2019 4:34:52 PM it.unicam.cs.pa.mastermind2019.modelcontroller.ImpostazioniFileConfig getCodeLenght
INFO: Restituita la lunghezza del codice: 4
set 13, 2019 4:34:52 PM it.unicam.cs.pa.mastermind2019.modelcontroller.ImpostazioniFileConfig getCodeLenght
INFO: Restituita la lunghezza del codice: 4
set 13, 2019 4:34:52 PM it.unicam.cs.pa.mastermind2019.modelcontroller.ImpostazioniFileConfig getCodeLenght
INFO: Restituita la lunghezza del codice: 4
set 13, 2019 4:34:52 PM it.unicam.cs.pa.mastermind2019.modelcontroller.ImpostazioniFileConfig getCodeLenght
INFO: Restituita la lunghezza del codice: 4
set 13, 2019 4:34:52 PM it.unicam.cs.pa.mastermind2019.modelcontroller.ImpostazioniFileConfig getCodeLenght
INFO: Restituita la lunghezza del codice: 4
set 13, 2019 4:34:52 PM it.unicam.cs.pa.mastermind2019.modelcontroller.ImpostazioniFileConfig getCodeLenght
INFO: Restituita la lunghezza del codice: 4
set 13, 2019 4:34:52 PM it.unicam.cs.pa.mastermind2019.modelcontroller.ImpostazioniFileConfig getCodeLenght
INFO: Restituita la lunghezza del codice: 4
set 13, 2019 4:34:52 PM it.unicam.cs.pa.mastermind2019.modelcontroller.MatchCoordinator check
INFO: Controllo eseguito correttamente
set 13, 2019 4:34:52 PM it.unicam.cs.pa.mastermind2019.view.InputOutput attemptResault
INFO: Restituzione del suggerimento: [PC, PE, PE, PE]
set 13, 2019 4:34:52 PM it.unicam.cs.pa.mastermind2019.modelcontroller.Campo addSuggerimento
INFO: Aggiunto il suggerimento [PC, PE, PE, PE] ai suggerimenti
set 13, 2019 4:34:52 PM it.unicam.cs.pa.mastermind2019.modelcontroller.Campo getArrayFromDeco
INFO: Restituito array[4, 2, 1, 3] da decodificare
set 13, 2019 4:34:52 PM it.unicam.cs.pa.mastermind2019.modelcontroller.MatchCoordinator isWinner
INFO: Tentativo non vincente
set 13, 2019 4:34:52 PM it.unicam.cs.pa.mastermind2019.modelcontroller.MatchCoordinator play
INFO: 3 turni alla fine
set 13, 2019 4:34:52 PM it.unicam.cs.pa.mastermind2019.view.InputOutput humanGetCombination
INFO: Aspettando la decisione dell'utente
set 13, 2019 4:34:52 PM it.unicam.cs.pa.mastermind2019.modelcontroller.ImpostazioniFileConfig getCodeLenght
INFO: Restituita la lunghezza del codice: 4
set 13, 2019 4:34:52 PM it.unicam.cs.pa.mastermind2019.modelcontroller.ImpostazioniFileConfig getMaxCodValue
INFO: Restituita la lunghezza massima del codice: 6
set 13, 2019 4:35:09 PM it.unicam.cs.pa.mastermind2019.modelcontroller.ImpostazioniFileConfig getCodeLenght
INFO: Restituita la lunghezza del codice: 4
set 13, 2019 4:35:09 PM it.unicam.cs.pa.mastermind2019.modelcontroller.ImpostazioniFileConfig getMaxCodValue
INFO: Restituita la lunghezza massima del codice: 6
set 13, 2019 4:35:09 PM it.unicam.cs.pa.mastermind2019.modelcontroller.ImpostazioniFileConfig isDuplicateAllow
INFO: Restituito il permesso di avere duplicati nel codice: false
set 13, 2019 4:35:09 PM it.unicam.cs.pa.mastermind2019.modelcontroller.ImpostazioniFileConfig getMaxCodValue
INFO: Restituita la lunghezza massima del codice: 6
set 13, 2019 4:35:09 PM it.unicam.cs.pa.mastermind2019.modelcontroller.ImpostazioniFileConfig isDuplicateAllow
INFO: Restituito il permesso di avere duplicati nel codice: false
set 13, 2019 4:35:09 PM it.unicam.cs.pa.mastermind2019.modelcontroller.ImpostazioniFileConfig getMaxCodValue
INFO: Restituita la lunghezza massima del codice: 6
set 13, 2019 4:35:09 PM it.unicam.cs.pa.mastermind2019.modelcontroller.ImpostazioniFileConfig isDuplicateAllow
INFO: Restituito il permesso di avere duplicati nel codice: false
set 13, 2019 4:35:09 PM it.unicam.cs.pa.mastermind2019.modelcontroller.ImpostazioniFileConfig getMaxCodValue
INFO: Restituita la lunghezza massima del codice: 6
set 13, 2019 4:35:09 PM it.unicam.cs.pa.mastermind2019.modelcontroller.ImpostazioniFileConfig isDuplicateAllow
INFO: Restituito il permesso di avere duplicati nel codice: false
set 13, 2019 4:35:09 PM it.unicam.cs.pa.mastermind2019.view.InputOutput humanGetCombination
INFO: Decisione accettata
set 13, 2019 4:35:09 PM it.unicam.cs.pa.mastermind2019.Human generateCode
INFO: Il player umano ha generato il codice: [1, 2, 4, 3]
set 13, 2019 4:35:09 PM it.unicam.cs.pa.mastermind2019.modelcontroller.Campo setCodeArray
INFO: Impostando [1, 2, 4, 3] come array da codificare
set 13, 2019 4:35:09 PM it.unicam.cs.pa.mastermind2019.modelcontroller.Campo getArrayFromCode
INFO: Restituito l'array [1, 2, 4, 3] da codificare
set 13, 2019 4:35:09 PM it.unicam.cs.pa.mastermind2019.view.InputOutput vediCodice
INFO: Stampato Array
set 13, 2019 4:35:09 PM it.unicam.cs.pa.mastermind2019.modelcontroller.Campo getArrayFromCode
INFO: Restituito l'array [1, 2, 4, 3] da codificare
set 13, 2019 4:35:09 PM it.unicam.cs.pa.mastermind2019.modelcontroller.MatchCoordinator check
INFO: Inizio controllo dei dati
set 13, 2019 4:35:09 PM it.unicam.cs.pa.mastermind2019.modelcontroller.Campo getArrayFromDeco
INFO: Restituito array[4, 2, 1, 3] da decodificare
set 13, 2019 4:35:09 PM it.unicam.cs.pa.mastermind2019.modelcontroller.ImpostazioniFileConfig getCodeLenght
INFO: Restituita la lunghezza del codice: 4
set 13, 2019 4:35:09 PM it.unicam.cs.pa.mastermind2019.modelcontroller.ImpostazioniFileConfig getCodeLenght
INFO: Restituita la lunghezza del codice: 4
set 13, 2019 4:35:09 PM it.unicam.cs.pa.mastermind2019.modelcontroller.ImpostazioniFileConfig getCodeLenght
INFO: Restituita la lunghezza del codice: 4
set 13, 2019 4:35:09 PM it.unicam.cs.pa.mastermind2019.modelcontroller.ImpostazioniFileConfig getCodeLenght
INFO: Restituita la lunghezza del codice: 4
set 13, 2019 4:35:09 PM it.unicam.cs.pa.mastermind2019.modelcontroller.ImpostazioniFileConfig getCodeLenght
INFO: Restituita la lunghezza del codice: 4
set 13, 2019 4:35:09 PM it.unicam.cs.pa.mastermind2019.modelcontroller.ImpostazioniFileConfig getCodeLenght
INFO: Restituita la lunghezza del codice: 4
set 13, 2019 4:35:09 PM it.unicam.cs.pa.mastermind2019.modelcontroller.ImpostazioniFileConfig getCodeLenght
INFO: Restituita la lunghezza del codice: 4
set 13, 2019 4:35:09 PM it.unicam.cs.pa.mastermind2019.modelcontroller.ImpostazioniFileConfig getCodeLenght
INFO: Restituita la lunghezza del codice: 4
set 13, 2019 4:35:09 PM it.unicam.cs.pa.mastermind2019.modelcontroller.ImpostazioniFileConfig getCodeLenght
INFO: Restituita la lunghezza del codice: 4
set 13, 2019 4:35:09 PM it.unicam.cs.pa.mastermind2019.modelcontroller.ImpostazioniFileConfig getCodeLenght
INFO: Restituita la lunghezza del codice: 4
set 13, 2019 4:35:09 PM it.unicam.cs.pa.mastermind2019.modelcontroller.ImpostazioniFileConfig getCodeLenght
INFO: Restituita la lunghezza del codice: 4
set 13, 2019 4:35:09 PM it.unicam.cs.pa.mastermind2019.modelcontroller.ImpostazioniFileConfig getCodeLenght
INFO: Restituita la lunghezza del codice: 4
set 13, 2019 4:35:09 PM it.unicam.cs.pa.mastermind2019.modelcontroller.ImpostazioniFileConfig getCodeLenght
INFO: Restituita la lunghezza del codice: 4
set 13, 2019 4:35:09 PM it.unicam.cs.pa.mastermind2019.modelcontroller.ImpostazioniFileConfig getCodeLenght
INFO: Restituita la lunghezza del codice: 4
set 13, 2019 4:35:09 PM it.unicam.cs.pa.mastermind2019.modelcontroller.ImpostazioniFileConfig getCodeLenght
INFO: Restituita la lunghezza del codice: 4
set 13, 2019 4:35:09 PM it.unicam.cs.pa.mastermind2019.modelcontroller.ImpostazioniFileConfig getCodeLenght
INFO: Restituita la lunghezza del codice: 4
set 13, 2019 4:35:09 PM it.unicam.cs.pa.mastermind2019.modelcontroller.ImpostazioniFileConfig getCodeLenght
INFO: Restituita la lunghezza del codice: 4
set 13, 2019 4:35:09 PM it.unicam.cs.pa.mastermind2019.modelcontroller.ImpostazioniFileConfig getCodeLenght
INFO: Restituita la lunghezza del codice: 4
set 13, 2019 4:35:09 PM it.unicam.cs.pa.mastermind2019.modelcontroller.ImpostazioniFileConfig getCodeLenght
INFO: Restituita la lunghezza del codice: 4
set 13, 2019 4:35:09 PM it.unicam.cs.pa.mastermind2019.modelcontroller.ImpostazioniFileConfig getCodeLenght
INFO: Restituita la lunghezza del codice: 4
set 13, 2019 4:35:09 PM it.unicam.cs.pa.mastermind2019.modelcontroller.ImpostazioniFileConfig getCodeLenght
INFO: Restituita la lunghezza del codice: 4
set 13, 2019 4:35:09 PM it.unicam.cs.pa.mastermind2019.modelcontroller.ImpostazioniFileConfig getCodeLenght
INFO: Restituita la lunghezza del codice: 4
set 13, 2019 4:35:09 PM it.unicam.cs.pa.mastermind2019.modelcontroller.ImpostazioniFileConfig getCodeLenght
INFO: Restituita la lunghezza del codice: 4
set 13, 2019 4:35:09 PM it.unicam.cs.pa.mastermind2019.modelcontroller.ImpostazioniFileConfig getCodeLenght
INFO: Restituita la lunghezza del codice: 4
set 13, 2019 4:35:09 PM it.unicam.cs.pa.mastermind2019.modelcontroller.ImpostazioniFileConfig getCodeLenght
INFO: Restituita la lunghezza del codice: 4
set 13, 2019 4:35:09 PM it.unicam.cs.pa.mastermind2019.modelcontroller.MatchCoordinator check
INFO: Controllo eseguito correttamente
set 13, 2019 4:35:09 PM it.unicam.cs.pa.mastermind2019.view.InputOutput attemptResault
INFO: Restituzione del suggerimento: [PC, PC, PE, PE]
set 13, 2019 4:35:09 PM it.unicam.cs.pa.mastermind2019.modelcontroller.Campo addSuggerimento
INFO: Aggiunto il suggerimento [PC, PC, PE, PE] ai suggerimenti
set 13, 2019 4:35:09 PM it.unicam.cs.pa.mastermind2019.modelcontroller.Campo getArrayFromDeco
INFO: Restituito array[4, 2, 1, 3] da decodificare
set 13, 2019 4:35:09 PM it.unicam.cs.pa.mastermind2019.modelcontroller.MatchCoordinator isWinner
INFO: Tentativo non vincente
set 13, 2019 4:35:09 PM it.unicam.cs.pa.mastermind2019.modelcontroller.MatchCoordinator play
INFO: 2 turni alla fine
set 13, 2019 4:35:09 PM it.unicam.cs.pa.mastermind2019.view.InputOutput humanGetCombination
INFO: Aspettando la decisione dell'utente
set 13, 2019 4:35:09 PM it.unicam.cs.pa.mastermind2019.modelcontroller.ImpostazioniFileConfig getCodeLenght
INFO: Restituita la lunghezza del codice: 4
set 13, 2019 4:35:09 PM it.unicam.cs.pa.mastermind2019.modelcontroller.ImpostazioniFileConfig getMaxCodValue
INFO: Restituita la lunghezza massima del codice: 6
set 13, 2019 4:35:15 PM it.unicam.cs.pa.mastermind2019.modelcontroller.ImpostazioniFileConfig getCodeLenght
INFO: Restituita la lunghezza del codice: 4
set 13, 2019 4:35:15 PM it.unicam.cs.pa.mastermind2019.modelcontroller.ImpostazioniFileConfig getMaxCodValue
INFO: Restituita la lunghezza massima del codice: 6
set 13, 2019 4:35:15 PM it.unicam.cs.pa.mastermind2019.modelcontroller.ImpostazioniFileConfig isDuplicateAllow
INFO: Restituito il permesso di avere duplicati nel codice: false
set 13, 2019 4:35:15 PM it.unicam.cs.pa.mastermind2019.modelcontroller.ImpostazioniFileConfig getMaxCodValue
INFO: Restituita la lunghezza massima del codice: 6
set 13, 2019 4:35:15 PM it.unicam.cs.pa.mastermind2019.modelcontroller.ImpostazioniFileConfig isDuplicateAllow
INFO: Restituito il permesso di avere duplicati nel codice: false
set 13, 2019 4:35:15 PM it.unicam.cs.pa.mastermind2019.modelcontroller.ImpostazioniFileConfig getMaxCodValue
INFO: Restituita la lunghezza massima del codice: 6
set 13, 2019 4:35:15 PM it.unicam.cs.pa.mastermind2019.modelcontroller.ImpostazioniFileConfig isDuplicateAllow
INFO: Restituito il permesso di avere duplicati nel codice: false
set 13, 2019 4:35:15 PM it.unicam.cs.pa.mastermind2019.modelcontroller.ImpostazioniFileConfig getMaxCodValue
INFO: Restituita la lunghezza massima del codice: 6
set 13, 2019 4:35:15 PM it.unicam.cs.pa.mastermind2019.modelcontroller.ImpostazioniFileConfig isDuplicateAllow
INFO: Restituito il permesso di avere duplicati nel codice: false
set 13, 2019 4:35:15 PM it.unicam.cs.pa.mastermind2019.view.InputOutput humanGetCombination
INFO: Decisione accettata
set 13, 2019 4:35:15 PM it.unicam.cs.pa.mastermind2019.Human generateCode
INFO: Il player umano ha generato il codice: [2, 1, 4, 3]
set 13, 2019 4:35:15 PM it.unicam.cs.pa.mastermind2019.modelcontroller.Campo setCodeArray
INFO: Impostando [2, 1, 4, 3] come array da codificare
set 13, 2019 4:35:15 PM it.unicam.cs.pa.mastermind2019.modelcontroller.Campo getArrayFromCode
INFO: Restituito l'array [2, 1, 4, 3] da codificare
set 13, 2019 4:35:15 PM it.unicam.cs.pa.mastermind2019.view.InputOutput vediCodice
INFO: Stampato Array
set 13, 2019 4:35:15 PM it.unicam.cs.pa.mastermind2019.modelcontroller.Campo getArrayFromCode
INFO: Restituito l'array [2, 1, 4, 3] da codificare
set 13, 2019 4:35:15 PM it.unicam.cs.pa.mastermind2019.modelcontroller.MatchCoordinator check
INFO: Inizio controllo dei dati
set 13, 2019 4:35:15 PM it.unicam.cs.pa.mastermind2019.modelcontroller.Campo getArrayFromDeco
INFO: Restituito array[4, 2, 1, 3] da decodificare
set 13, 2019 4:35:15 PM it.unicam.cs.pa.mastermind2019.modelcontroller.ImpostazioniFileConfig getCodeLenght
INFO: Restituita la lunghezza del codice: 4
set 13, 2019 4:35:15 PM it.unicam.cs.pa.mastermind2019.modelcontroller.ImpostazioniFileConfig getCodeLenght
INFO: Restituita la lunghezza del codice: 4
set 13, 2019 4:35:15 PM it.unicam.cs.pa.mastermind2019.modelcontroller.ImpostazioniFileConfig getCodeLenght
INFO: Restituita la lunghezza del codice: 4
set 13, 2019 4:35:15 PM it.unicam.cs.pa.mastermind2019.modelcontroller.ImpostazioniFileConfig getCodeLenght
INFO: Restituita la lunghezza del codice: 4
set 13, 2019 4:35:15 PM it.unicam.cs.pa.mastermind2019.modelcontroller.ImpostazioniFileConfig getCodeLenght
INFO: Restituita la lunghezza del codice: 4
set 13, 2019 4:35:15 PM it.unicam.cs.pa.mastermind2019.modelcontroller.ImpostazioniFileConfig getCodeLenght
INFO: Restituita la lunghezza del codice: 4
set 13, 2019 4:35:15 PM it.unicam.cs.pa.mastermind2019.modelcontroller.ImpostazioniFileConfig getCodeLenght
INFO: Restituita la lunghezza del codice: 4
set 13, 2019 4:35:15 PM it.unicam.cs.pa.mastermind2019.modelcontroller.ImpostazioniFileConfig getCodeLenght
INFO: Restituita la lunghezza del codice: 4
set 13, 2019 4:35:15 PM it.unicam.cs.pa.mastermind2019.modelcontroller.ImpostazioniFileConfig getCodeLenght
INFO: Restituita la lunghezza del codice: 4
set 13, 2019 4:35:15 PM it.unicam.cs.pa.mastermind2019.modelcontroller.ImpostazioniFileConfig getCodeLenght
INFO: Restituita la lunghezza del codice: 4
set 13, 2019 4:35:15 PM it.unicam.cs.pa.mastermind2019.modelcontroller.ImpostazioniFileConfig getCodeLenght
INFO: Restituita la lunghezza del codice: 4
set 13, 2019 4:35:15 PM it.unicam.cs.pa.mastermind2019.modelcontroller.ImpostazioniFileConfig getCodeLenght
INFO: Restituita la lunghezza del codice: 4
set 13, 2019 4:35:15 PM it.unicam.cs.pa.mastermind2019.modelcontroller.ImpostazioniFileConfig getCodeLenght
INFO: Restituita la lunghezza del codice: 4
set 13, 2019 4:35:15 PM it.unicam.cs.pa.mastermind2019.modelcontroller.ImpostazioniFileConfig getCodeLenght
INFO: Restituita la lunghezza del codice: 4
set 13, 2019 4:35:15 PM it.unicam.cs.pa.mastermind2019.modelcontroller.ImpostazioniFileConfig getCodeLenght
INFO: Restituita la lunghezza del codice: 4
set 13, 2019 4:35:15 PM it.unicam.cs.pa.mastermind2019.modelcontroller.ImpostazioniFileConfig getCodeLenght
INFO: Restituita la lunghezza del codice: 4
set 13, 2019 4:35:15 PM it.unicam.cs.pa.mastermind2019.modelcontroller.ImpostazioniFileConfig getCodeLenght
INFO: Restituita la lunghezza del codice: 4
set 13, 2019 4:35:15 PM it.unicam.cs.pa.mastermind2019.modelcontroller.ImpostazioniFileConfig getCodeLenght
INFO: Restituita la lunghezza del codice: 4
set 13, 2019 4:35:15 PM it.unicam.cs.pa.mastermind2019.modelcontroller.ImpostazioniFileConfig getCodeLenght
INFO: Restituita la lunghezza del codice: 4
set 13, 2019 4:35:15 PM it.unicam.cs.pa.mastermind2019.modelcontroller.ImpostazioniFileConfig getCodeLenght
INFO: Restituita la lunghezza del codice: 4
set 13, 2019 4:35:15 PM it.unicam.cs.pa.mastermind2019.modelcontroller.ImpostazioniFileConfig getCodeLenght
INFO: Restituita la lunghezza del codice: 4
set 13, 2019 4:35:15 PM it.unicam.cs.pa.mastermind2019.modelcontroller.ImpostazioniFileConfig getCodeLenght
INFO: Restituita la lunghezza del codice: 4
set 13, 2019 4:35:15 PM it.unicam.cs.pa.mastermind2019.modelcontroller.ImpostazioniFileConfig getCodeLenght
INFO: Restituita la lunghezza del codice: 4
set 13, 2019 4:35:15 PM it.unicam.cs.pa.mastermind2019.modelcontroller.ImpostazioniFileConfig getCodeLenght
INFO: Restituita la lunghezza del codice: 4
set 13, 2019 4:35:15 PM it.unicam.cs.pa.mastermind2019.modelcontroller.ImpostazioniFileConfig getCodeLenght
INFO: Restituita la lunghezza del codice: 4
set 13, 2019 4:35:15 PM it.unicam.cs.pa.mastermind2019.modelcontroller.ImpostazioniFileConfig getCodeLenght
INFO: Restituita la lunghezza del codice: 4
set 13, 2019 4:35:15 PM it.unicam.cs.pa.mastermind2019.modelcontroller.ImpostazioniFileConfig getCodeLenght
INFO: Restituita la lunghezza del codice: 4
set 13, 2019 4:35:15 PM it.unicam.cs.pa.mastermind2019.modelcontroller.ImpostazioniFileConfig getCodeLenght
INFO: Restituita la lunghezza del codice: 4
set 13, 2019 4:35:15 PM it.unicam.cs.pa.mastermind2019.modelcontroller.ImpostazioniFileConfig getCodeLenght
INFO: Restituita la lunghezza del codice: 4
set 13, 2019 4:35:15 PM it.unicam.cs.pa.mastermind2019.modelcontroller.ImpostazioniFileConfig getCodeLenght
INFO: Restituita la lunghezza del codice: 4
set 13, 2019 4:35:15 PM it.unicam.cs.pa.mastermind2019.modelcontroller.MatchCoordinator check
INFO: Controllo eseguito correttamente
set 13, 2019 4:35:15 PM it.unicam.cs.pa.mastermind2019.view.InputOutput attemptResault
INFO: Restituzione del suggerimento: [PC, PE, PE, PE]
set 13, 2019 4:35:15 PM it.unicam.cs.pa.mastermind2019.modelcontroller.Campo addSuggerimento
INFO: Aggiunto il suggerimento [PC, PE, PE, PE] ai suggerimenti
set 13, 2019 4:35:15 PM it.unicam.cs.pa.mastermind2019.modelcontroller.Campo getArrayFromDeco
INFO: Restituito array[4, 2, 1, 3] da decodificare
set 13, 2019 4:35:15 PM it.unicam.cs.pa.mastermind2019.modelcontroller.MatchCoordinator isWinner
INFO: Tentativo non vincente
set 13, 2019 4:35:15 PM it.unicam.cs.pa.mastermind2019.modelcontroller.MatchCoordinator play
INFO: 1 turni alla fine
set 13, 2019 4:35:15 PM it.unicam.cs.pa.mastermind2019.view.InputOutput humanGetCombination
INFO: Aspettando la decisione dell'utente
set 13, 2019 4:35:15 PM it.unicam.cs.pa.mastermind2019.modelcontroller.ImpostazioniFileConfig getCodeLenght
INFO: Restituita la lunghezza del codice: 4
set 13, 2019 4:35:15 PM it.unicam.cs.pa.mastermind2019.modelcontroller.ImpostazioniFileConfig getMaxCodValue
INFO: Restituita la lunghezza massima del codice: 6
set 13, 2019 4:35:20 PM it.unicam.cs.pa.mastermind2019.modelcontroller.ImpostazioniFileConfig getCodeLenght
INFO: Restituita la lunghezza del codice: 4
set 13, 2019 4:35:20 PM it.unicam.cs.pa.mastermind2019.modelcontroller.ImpostazioniFileConfig getMaxCodValue
INFO: Restituita la lunghezza massima del codice: 6
set 13, 2019 4:35:20 PM it.unicam.cs.pa.mastermind2019.modelcontroller.ImpostazioniFileConfig isDuplicateAllow
INFO: Restituito il permesso di avere duplicati nel codice: false
set 13, 2019 4:35:20 PM it.unicam.cs.pa.mastermind2019.modelcontroller.ImpostazioniFileConfig getMaxCodValue
INFO: Restituita la lunghezza massima del codice: 6
set 13, 2019 4:35:20 PM it.unicam.cs.pa.mastermind2019.modelcontroller.ImpostazioniFileConfig isDuplicateAllow
INFO: Restituito il permesso di avere duplicati nel codice: false
set 13, 2019 4:35:20 PM it.unicam.cs.pa.mastermind2019.modelcontroller.ImpostazioniFileConfig getMaxCodValue
INFO: Restituita la lunghezza massima del codice: 6
set 13, 2019 4:35:20 PM it.unicam.cs.pa.mastermind2019.modelcontroller.ImpostazioniFileConfig isDuplicateAllow
INFO: Restituito il permesso di avere duplicati nel codice: false
set 13, 2019 4:35:20 PM it.unicam.cs.pa.mastermind2019.modelcontroller.ImpostazioniFileConfig getMaxCodValue
INFO: Restituita la lunghezza massima del codice: 6
set 13, 2019 4:35:20 PM it.unicam.cs.pa.mastermind2019.modelcontroller.ImpostazioniFileConfig isDuplicateAllow
INFO: Restituito il permesso di avere duplicati nel codice: false
set 13, 2019 4:35:20 PM it.unicam.cs.pa.mastermind2019.view.InputOutput humanGetCombination
INFO: Decisione accettata
set 13, 2019 4:35:20 PM it.unicam.cs.pa.mastermind2019.Human generateCode
INFO: Il player umano ha generato il codice: [1, 2, 3, 4]
set 13, 2019 4:35:20 PM it.unicam.cs.pa.mastermind2019.modelcontroller.Campo setCodeArray
INFO: Impostando [1, 2, 3, 4] come array da codificare
set 13, 2019 4:35:20 PM it.unicam.cs.pa.mastermind2019.modelcontroller.Campo getArrayFromCode
INFO: Restituito l'array [1, 2, 3, 4] da codificare
set 13, 2019 4:35:20 PM it.unicam.cs.pa.mastermind2019.view.InputOutput vediCodice
INFO: Stampato Array
set 13, 2019 4:35:20 PM it.unicam.cs.pa.mastermind2019.modelcontroller.Campo getArrayFromCode
INFO: Restituito l'array [1, 2, 3, 4] da codificare
set 13, 2019 4:35:20 PM it.unicam.cs.pa.mastermind2019.modelcontroller.MatchCoordinator check
INFO: Inizio controllo dei dati
set 13, 2019 4:35:20 PM it.unicam.cs.pa.mastermind2019.modelcontroller.Campo getArrayFromDeco
INFO: Restituito array[4, 2, 1, 3] da decodificare
set 13, 2019 4:35:20 PM it.unicam.cs.pa.mastermind2019.modelcontroller.ImpostazioniFileConfig getCodeLenght
INFO: Restituita la lunghezza del codice: 4
set 13, 2019 4:35:20 PM it.unicam.cs.pa.mastermind2019.modelcontroller.ImpostazioniFileConfig getCodeLenght
INFO: Restituita la lunghezza del codice: 4
set 13, 2019 4:35:20 PM it.unicam.cs.pa.mastermind2019.modelcontroller.ImpostazioniFileConfig getCodeLenght
INFO: Restituita la lunghezza del codice: 4
set 13, 2019 4:35:20 PM it.unicam.cs.pa.mastermind2019.modelcontroller.ImpostazioniFileConfig getCodeLenght
INFO: Restituita la lunghezza del codice: 4
set 13, 2019 4:35:20 PM it.unicam.cs.pa.mastermind2019.modelcontroller.ImpostazioniFileConfig getCodeLenght
INFO: Restituita la lunghezza del codice: 4
set 13, 2019 4:35:20 PM it.unicam.cs.pa.mastermind2019.modelcontroller.ImpostazioniFileConfig getCodeLenght
INFO: Restituita la lunghezza del codice: 4
set 13, 2019 4:35:20 PM it.unicam.cs.pa.mastermind2019.modelcontroller.ImpostazioniFileConfig getCodeLenght
INFO: Restituita la lunghezza del codice: 4
set 13, 2019 4:35:20 PM it.unicam.cs.pa.mastermind2019.modelcontroller.ImpostazioniFileConfig getCodeLenght
INFO: Restituita la lunghezza del codice: 4
set 13, 2019 4:35:20 PM it.unicam.cs.pa.mastermind2019.modelcontroller.ImpostazioniFileConfig getCodeLenght
INFO: Restituita la lunghezza del codice: 4
set 13, 2019 4:35:20 PM it.unicam.cs.pa.mastermind2019.modelcontroller.ImpostazioniFileConfig getCodeLenght
INFO: Restituita la lunghezza del codice: 4
set 13, 2019 4:35:20 PM it.unicam.cs.pa.mastermind2019.modelcontroller.ImpostazioniFileConfig getCodeLenght
INFO: Restituita la lunghezza del codice: 4
set 13, 2019 4:35:20 PM it.unicam.cs.pa.mastermind2019.modelcontroller.ImpostazioniFileConfig getCodeLenght
INFO: Restituita la lunghezza del codice: 4
set 13, 2019 4:35:20 PM it.unicam.cs.pa.mastermind2019.modelcontroller.ImpostazioniFileConfig getCodeLenght
INFO: Restituita la lunghezza del codice: 4
set 13, 2019 4:35:20 PM it.unicam.cs.pa.mastermind2019.modelcontroller.ImpostazioniFileConfig getCodeLenght
INFO: Restituita la lunghezza del codice: 4
set 13, 2019 4:35:20 PM it.unicam.cs.pa.mastermind2019.modelcontroller.ImpostazioniFileConfig getCodeLenght
INFO: Restituita la lunghezza del codice: 4
set 13, 2019 4:35:20 PM it.unicam.cs.pa.mastermind2019.modelcontroller.ImpostazioniFileConfig getCodeLenght
INFO: Restituita la lunghezza del codice: 4
set 13, 2019 4:35:20 PM it.unicam.cs.pa.mastermind2019.modelcontroller.ImpostazioniFileConfig getCodeLenght
INFO: Restituita la lunghezza del codice: 4
set 13, 2019 4:35:20 PM it.unicam.cs.pa.mastermind2019.modelcontroller.ImpostazioniFileConfig getCodeLenght
INFO: Restituita la lunghezza del codice: 4
set 13, 2019 4:35:20 PM it.unicam.cs.pa.mastermind2019.modelcontroller.ImpostazioniFileConfig getCodeLenght
INFO: Restituita la lunghezza del codice: 4
set 13, 2019 4:35:20 PM it.unicam.cs.pa.mastermind2019.modelcontroller.ImpostazioniFileConfig getCodeLenght
INFO: Restituita la lunghezza del codice: 4
set 13, 2019 4:35:20 PM it.unicam.cs.pa.mastermind2019.modelcontroller.ImpostazioniFileConfig getCodeLenght
INFO: Restituita la lunghezza del codice: 4
set 13, 2019 4:35:20 PM it.unicam.cs.pa.mastermind2019.modelcontroller.ImpostazioniFileConfig getCodeLenght
INFO: Restituita la lunghezza del codice: 4
set 13, 2019 4:35:20 PM it.unicam.cs.pa.mastermind2019.modelcontroller.ImpostazioniFileConfig getCodeLenght
INFO: Restituita la lunghezza del codice: 4
set 13, 2019 4:35:20 PM it.unicam.cs.pa.mastermind2019.modelcontroller.ImpostazioniFileConfig getCodeLenght
INFO: Restituita la lunghezza del codice: 4
set 13, 2019 4:35:20 PM it.unicam.cs.pa.mastermind2019.modelcontroller.ImpostazioniFileConfig getCodeLenght
INFO: Restituita la lunghezza del codice: 4
set 13, 2019 4:35:20 PM it.unicam.cs.pa.mastermind2019.modelcontroller.ImpostazioniFileConfig getCodeLenght
INFO: Restituita la lunghezza del codice: 4
set 13, 2019 4:35:20 PM it.unicam.cs.pa.mastermind2019.modelcontroller.ImpostazioniFileConfig getCodeLenght
INFO: Restituita la lunghezza del codice: 4
set 13, 2019 4:35:20 PM it.unicam.cs.pa.mastermind2019.modelcontroller.ImpostazioniFileConfig getCodeLenght
INFO: Restituita la lunghezza del codice: 4
set 13, 2019 4:35:20 PM it.unicam.cs.pa.mastermind2019.modelcontroller.ImpostazioniFileConfig getCodeLenght
INFO: Restituita la lunghezza del codice: 4
set 13, 2019 4:35:20 PM it.unicam.cs.pa.mastermind2019.modelcontroller.ImpostazioniFileConfig getCodeLenght
INFO: Restituita la lunghezza del codice: 4
set 13, 2019 4:35:20 PM it.unicam.cs.pa.mastermind2019.modelcontroller.MatchCoordinator check
INFO: Controllo eseguito correttamente
set 13, 2019 4:35:20 PM it.unicam.cs.pa.mastermind2019.view.InputOutput attemptResault
INFO: Restituzione del suggerimento: [PC, PE, PE, PE]
set 13, 2019 4:35:20 PM it.unicam.cs.pa.mastermind2019.modelcontroller.Campo addSuggerimento
INFO: Aggiunto il suggerimento [PC, PE, PE, PE] ai suggerimenti
set 13, 2019 4:35:20 PM it.unicam.cs.pa.mastermind2019.modelcontroller.Campo getArrayFromDeco
INFO: Restituito array[4, 2, 1, 3] da decodificare
set 13, 2019 4:35:20 PM it.unicam.cs.pa.mastermind2019.modelcontroller.MatchCoordinator isWinner
INFO: Tentativo non vincente
set 13, 2019 4:35:20 PM it.unicam.cs.pa.mastermind2019.modelcontroller.MatchCoordinator play
INFO: 0 turni alla fine
set 13, 2019 4:35:20 PM it.unicam.cs.pa.mastermind2019.modelcontroller.MatchCoordinator play
INFO: Match finish!
set 13, 2019 4:35:20 PM it.unicam.cs.pa.mastermind2019.Perdente <init>
INFO: Creata un istanza di Perdente per il giocatore: io
set 13, 2019 4:35:20 PM it.unicam.cs.pa.mastermind2019.view.InputOutput matchResault
INFO: Stampato l'esito della partita
set 13, 2019 4:35:20 PM it.unicam.cs.pa.mastermind2019.Perdente toString
INFO: Restituito Risultato della partita: 
Il giocatore io ha perso!
set 13, 2019 4:35:20 PM it.unicam.cs.pa.mastermind2019.Index main
INFO: Partita terminata
set 13, 2019 4:35:20 PM it.unicam.cs.pa.mastermind2019.view.InputOutput matchAgain
INFO: In attesa della decisione dell'utente ..
set 13, 2019 4:35:25 PM it.unicam.cs.pa.mastermind2019.view.InputOutput matchAgain
INFO: Decisione accettata: FINE
set 13, 2019 4:35:25 PM it.unicam.cs.pa.mastermind2019.Index main
INFO: Programma terminato
