set 16, 2019 6:44:30 PM it.unicam.cs.pa.mastermind2019.Index main
INFO: Creazioni delle impostazioni in corso
set 16, 2019 6:44:30 PM it.unicam.cs.pa.mastermind2019.Index main
INFO: Creazione del terreno di gioco in corso
set 16, 2019 6:44:30 PM it.unicam.cs.pa.mastermind2019.modelcontroller.ImpostazioniFileConfig getCodeLenght
INFO: Restituita la lunghezza del codice: 4
set 16, 2019 6:44:30 PM it.unicam.cs.pa.mastermind2019.modelcontroller.Campo <init>
INFO: Campo creato correttamente
set 16, 2019 6:44:30 PM it.unicam.cs.pa.mastermind2019.Index main
INFO: Creazione dell' INPUT e dell' OUTPUT con l'utente in corso
set 16, 2019 6:44:30 PM it.unicam.cs.pa.mastermind2019.view.InputOutput <init>
INFO: Creazione dell' INPUT e dell' OUTPUT con l'utente avvenuta con successo
set 16, 2019 6:44:30 PM it.unicam.cs.pa.mastermind2019.view.InputOutput gameInit
INFO: Stampa logo e regole in corso
set 16, 2019 6:44:30 PM it.unicam.cs.pa.mastermind2019.view.InputOutput gameInit
INFO: Logo e regole stampate correttamente
set 16, 2019 6:44:30 PM it.unicam.cs.pa.mastermind2019.Index main
INFO: Creazione delle factory per i giocatori in corso
set 16, 2019 6:44:30 PM it.unicam.cs.pa.mastermind2019.PlayerFactory <init>
INFO: Factory creata con successo
set 16, 2019 6:44:30 PM it.unicam.cs.pa.mastermind2019.PlayerFactory <init>
INFO: Factory creata con successo
set 16, 2019 6:44:30 PM it.unicam.cs.pa.mastermind2019.Index main
INFO: Aspettando ordini ..
set 16, 2019 6:44:30 PM it.unicam.cs.pa.mastermind2019.view.InputOutput sceltaMenu
INFO: Aspettando la Decisione del menù dell'utente
set 16, 2019 6:44:35 PM it.unicam.cs.pa.mastermind2019.view.InputOutput sceltaMenu
WARNING: Decisione non accettata
set 16, 2019 6:44:46 PM it.unicam.cs.pa.mastermind2019.view.InputOutput sceltaMenu
INFO: Decisione acquisita correttamente
set 16, 2019 6:44:46 PM it.unicam.cs.pa.mastermind2019.Index main
INFO: Creazione di una console di gioco in corso
set 16, 2019 6:44:46 PM it.unicam.cs.pa.mastermind2019.view.InputOutput typePlayerSelection
INFO: In attesa della decisione dell'utente ..
set 16, 2019 6:44:50 PM it.unicam.cs.pa.mastermind2019.view.InputOutput typePlayerSelection
INFO: Decisione accettata
set 16, 2019 6:44:50 PM it.unicam.cs.pa.mastermind2019.PlayerFactory getPlayer
INFO: Creazione di un Human in corso .. 
set 16, 2019 6:44:50 PM it.unicam.cs.pa.mastermind2019.Human <init>
INFO: Player umano creato correttamente con id: io
set 16, 2019 6:44:50 PM it.unicam.cs.pa.mastermind2019.view.InputOutput typePlayerSelection
INFO: In attesa della decisione dell'utente ..
set 16, 2019 6:44:52 PM it.unicam.cs.pa.mastermind2019.view.InputOutput typePlayerSelection
INFO: Decisione accettata
set 16, 2019 6:44:52 PM it.unicam.cs.pa.mastermind2019.PlayerFactory getPlayer
INFO: Creazione di un Human in corso .. 
set 16, 2019 6:44:52 PM it.unicam.cs.pa.mastermind2019.Human <init>
INFO: Player umano creato correttamente con id: franco
set 16, 2019 6:44:52 PM it.unicam.cs.pa.mastermind2019.modelcontroller.ConsoleGame <init>
INFO: Console di gioco creata correttamente
set 16, 2019 6:44:52 PM it.unicam.cs.pa.mastermind2019.Index main
INFO: Inizializzazione della partita
set 16, 2019 6:44:52 PM it.unicam.cs.pa.mastermind2019.modelcontroller.ConsoleGame start
INFO: Creazione arbitro in corso
set 16, 2019 6:44:52 PM it.unicam.cs.pa.mastermind2019.modelcontroller.MatchCoordinator <init>
INFO: Arbitro creato correttamente
set 16, 2019 6:44:52 PM it.unicam.cs.pa.mastermind2019.modelcontroller.MatchCoordinator play
INFO: Match start!
set 16, 2019 6:44:52 PM it.unicam.cs.pa.mastermind2019.view.InputOutput humanGetCombination
INFO: Aspettando la decisione dell'utente
set 16, 2019 6:44:52 PM it.unicam.cs.pa.mastermind2019.modelcontroller.ImpostazioniFileConfig getCodeLenght
INFO: Restituita la lunghezza del codice: 4
set 16, 2019 6:44:52 PM it.unicam.cs.pa.mastermind2019.modelcontroller.ImpostazioniFileConfig getMaxCodValue
INFO: Restituita la lunghezza massima del codice: 6
set 16, 2019 6:44:54 PM it.unicam.cs.pa.mastermind2019.modelcontroller.ImpostazioniFileConfig getCodeLenght
INFO: Restituita la lunghezza del codice: 4
set 16, 2019 6:44:54 PM it.unicam.cs.pa.mastermind2019.modelcontroller.ImpostazioniFileConfig getMaxCodValue
INFO: Restituita la lunghezza massima del codice: 6
set 16, 2019 6:44:54 PM it.unicam.cs.pa.mastermind2019.modelcontroller.ImpostazioniFileConfig isDuplicateAllow
INFO: Restituito il permesso di avere duplicati nel codice: false
set 16, 2019 6:44:54 PM it.unicam.cs.pa.mastermind2019.modelcontroller.ImpostazioniFileConfig getMaxCodValue
INFO: Restituita la lunghezza massima del codice: 6
set 16, 2019 6:44:54 PM it.unicam.cs.pa.mastermind2019.modelcontroller.ImpostazioniFileConfig isDuplicateAllow
INFO: Restituito il permesso di avere duplicati nel codice: false
set 16, 2019 6:44:54 PM it.unicam.cs.pa.mastermind2019.modelcontroller.ImpostazioniFileConfig getMaxCodValue
INFO: Restituita la lunghezza massima del codice: 6
set 16, 2019 6:44:54 PM it.unicam.cs.pa.mastermind2019.modelcontroller.ImpostazioniFileConfig isDuplicateAllow
INFO: Restituito il permesso di avere duplicati nel codice: false
set 16, 2019 6:44:54 PM it.unicam.cs.pa.mastermind2019.modelcontroller.ImpostazioniFileConfig getMaxCodValue
INFO: Restituita la lunghezza massima del codice: 6
set 16, 2019 6:44:54 PM it.unicam.cs.pa.mastermind2019.modelcontroller.ImpostazioniFileConfig isDuplicateAllow
INFO: Restituito il permesso di avere duplicati nel codice: false
set 16, 2019 6:44:54 PM it.unicam.cs.pa.mastermind2019.view.InputOutput humanGetCombination
INFO: Decisione accettata
set 16, 2019 6:44:54 PM it.unicam.cs.pa.mastermind2019.Human generateCode
INFO: Il player umano ha generato il codice: [1, 2, 4, 5]
set 16, 2019 6:44:54 PM it.unicam.cs.pa.mastermind2019.modelcontroller.Campo setDecodeArray
INFO: Impostando [1, 2, 4, 5] come tentativo
set 16, 2019 6:44:54 PM it.unicam.cs.pa.mastermind2019.modelcontroller.ImpostazioniFileConfig getAttempts
INFO: Restituiti il numero dei tentativi: 9
set 16, 2019 6:44:54 PM it.unicam.cs.pa.mastermind2019.view.InputOutput humanGetCombination
INFO: Aspettando la decisione dell'utente
set 16, 2019 6:44:54 PM it.unicam.cs.pa.mastermind2019.modelcontroller.ImpostazioniFileConfig getCodeLenght
INFO: Restituita la lunghezza del codice: 4
set 16, 2019 6:44:54 PM it.unicam.cs.pa.mastermind2019.modelcontroller.ImpostazioniFileConfig getMaxCodValue
INFO: Restituita la lunghezza massima del codice: 6
set 16, 2019 6:45:09 PM it.unicam.cs.pa.mastermind2019.modelcontroller.ImpostazioniFileConfig getCodeLenght
INFO: Restituita la lunghezza del codice: 4
set 16, 2019 6:45:09 PM it.unicam.cs.pa.mastermind2019.modelcontroller.ImpostazioniFileConfig getMaxCodValue
INFO: Restituita la lunghezza massima del codice: 6
set 16, 2019 6:45:09 PM it.unicam.cs.pa.mastermind2019.modelcontroller.ImpostazioniFileConfig isDuplicateAllow
INFO: Restituito il permesso di avere duplicati nel codice: false
set 16, 2019 6:45:09 PM it.unicam.cs.pa.mastermind2019.modelcontroller.ImpostazioniFileConfig getMaxCodValue
INFO: Restituita la lunghezza massima del codice: 6
set 16, 2019 6:45:09 PM it.unicam.cs.pa.mastermind2019.modelcontroller.ImpostazioniFileConfig isDuplicateAllow
INFO: Restituito il permesso di avere duplicati nel codice: false
set 16, 2019 6:45:09 PM it.unicam.cs.pa.mastermind2019.modelcontroller.ImpostazioniFileConfig getMaxCodValue
INFO: Restituita la lunghezza massima del codice: 6
set 16, 2019 6:45:09 PM it.unicam.cs.pa.mastermind2019.modelcontroller.ImpostazioniFileConfig isDuplicateAllow
INFO: Restituito il permesso di avere duplicati nel codice: false
set 16, 2019 6:45:09 PM it.unicam.cs.pa.mastermind2019.modelcontroller.ImpostazioniFileConfig getMaxCodValue
INFO: Restituita la lunghezza massima del codice: 6
set 16, 2019 6:45:09 PM it.unicam.cs.pa.mastermind2019.modelcontroller.ImpostazioniFileConfig isDuplicateAllow
INFO: Restituito il permesso di avere duplicati nel codice: false
set 16, 2019 6:45:09 PM it.unicam.cs.pa.mastermind2019.view.InputOutput humanGetCombination
INFO: Decisione accettata
set 16, 2019 6:45:09 PM it.unicam.cs.pa.mastermind2019.Human generateCode
INFO: Il player umano ha generato il codice: [3, 6, 4, 2]
set 16, 2019 6:45:09 PM it.unicam.cs.pa.mastermind2019.modelcontroller.Campo setCodeArray
INFO: Impostando [3, 6, 4, 2] come array da codificare
set 16, 2019 6:45:09 PM it.unicam.cs.pa.mastermind2019.modelcontroller.Campo getArrayFromCode
INFO: Restituito l'array [3, 6, 4, 2] da codificare
set 16, 2019 6:45:09 PM it.unicam.cs.pa.mastermind2019.modelcontroller.MatchCoordinator check
INFO: Inizio controllo dei dati
set 16, 2019 6:45:09 PM it.unicam.cs.pa.mastermind2019.modelcontroller.Campo getArrayFromDeco
INFO: Restituito array[1, 2, 4, 5] da decodificare
set 16, 2019 6:45:09 PM it.unicam.cs.pa.mastermind2019.modelcontroller.ImpostazioniFileConfig getCodeLenght
INFO: Restituita la lunghezza del codice: 4
set 16, 2019 6:45:09 PM it.unicam.cs.pa.mastermind2019.modelcontroller.ImpostazioniFileConfig getCodeLenght
INFO: Restituita la lunghezza del codice: 4
set 16, 2019 6:45:09 PM it.unicam.cs.pa.mastermind2019.modelcontroller.ImpostazioniFileConfig getCodeLenght
INFO: Restituita la lunghezza del codice: 4
set 16, 2019 6:45:09 PM it.unicam.cs.pa.mastermind2019.modelcontroller.ImpostazioniFileConfig getCodeLenght
INFO: Restituita la lunghezza del codice: 4
set 16, 2019 6:45:09 PM it.unicam.cs.pa.mastermind2019.modelcontroller.ImpostazioniFileConfig getCodeLenght
INFO: Restituita la lunghezza del codice: 4
set 16, 2019 6:45:09 PM it.unicam.cs.pa.mastermind2019.modelcontroller.ImpostazioniFileConfig getCodeLenght
INFO: Restituita la lunghezza del codice: 4
set 16, 2019 6:45:09 PM it.unicam.cs.pa.mastermind2019.modelcontroller.ImpostazioniFileConfig getCodeLenght
INFO: Restituita la lunghezza del codice: 4
set 16, 2019 6:45:09 PM it.unicam.cs.pa.mastermind2019.modelcontroller.ImpostazioniFileConfig getCodeLenght
INFO: Restituita la lunghezza del codice: 4
set 16, 2019 6:45:09 PM it.unicam.cs.pa.mastermind2019.modelcontroller.ImpostazioniFileConfig getCodeLenght
INFO: Restituita la lunghezza del codice: 4
set 16, 2019 6:45:09 PM it.unicam.cs.pa.mastermind2019.modelcontroller.ImpostazioniFileConfig getCodeLenght
INFO: Restituita la lunghezza del codice: 4
set 16, 2019 6:45:09 PM it.unicam.cs.pa.mastermind2019.modelcontroller.ImpostazioniFileConfig getCodeLenght
INFO: Restituita la lunghezza del codice: 4
set 16, 2019 6:45:09 PM it.unicam.cs.pa.mastermind2019.modelcontroller.ImpostazioniFileConfig getCodeLenght
INFO: Restituita la lunghezza del codice: 4
set 16, 2019 6:45:09 PM it.unicam.cs.pa.mastermind2019.modelcontroller.ImpostazioniFileConfig getCodeLenght
INFO: Restituita la lunghezza del codice: 4
set 16, 2019 6:45:09 PM it.unicam.cs.pa.mastermind2019.modelcontroller.ImpostazioniFileConfig getCodeLenght
INFO: Restituita la lunghezza del codice: 4
set 16, 2019 6:45:09 PM it.unicam.cs.pa.mastermind2019.modelcontroller.ImpostazioniFileConfig getCodeLenght
INFO: Restituita la lunghezza del codice: 4
set 16, 2019 6:45:09 PM it.unicam.cs.pa.mastermind2019.modelcontroller.ImpostazioniFileConfig getCodeLenght
INFO: Restituita la lunghezza del codice: 4
set 16, 2019 6:45:09 PM it.unicam.cs.pa.mastermind2019.modelcontroller.ImpostazioniFileConfig getCodeLenght
INFO: Restituita la lunghezza del codice: 4
set 16, 2019 6:45:09 PM it.unicam.cs.pa.mastermind2019.modelcontroller.ImpostazioniFileConfig getCodeLenght
INFO: Restituita la lunghezza del codice: 4
set 16, 2019 6:45:09 PM it.unicam.cs.pa.mastermind2019.modelcontroller.ImpostazioniFileConfig getCodeLenght
INFO: Restituita la lunghezza del codice: 4
set 16, 2019 6:45:09 PM it.unicam.cs.pa.mastermind2019.modelcontroller.ImpostazioniFileConfig getCodeLenght
INFO: Restituita la lunghezza del codice: 4
set 16, 2019 6:45:09 PM it.unicam.cs.pa.mastermind2019.modelcontroller.ImpostazioniFileConfig getCodeLenght
INFO: Restituita la lunghezza del codice: 4
set 16, 2019 6:45:09 PM it.unicam.cs.pa.mastermind2019.modelcontroller.ImpostazioniFileConfig getCodeLenght
INFO: Restituita la lunghezza del codice: 4
set 16, 2019 6:45:09 PM it.unicam.cs.pa.mastermind2019.modelcontroller.ImpostazioniFileConfig getCodeLenght
INFO: Restituita la lunghezza del codice: 4
set 16, 2019 6:45:09 PM it.unicam.cs.pa.mastermind2019.modelcontroller.ImpostazioniFileConfig getCodeLenght
INFO: Restituita la lunghezza del codice: 4
set 16, 2019 6:45:09 PM it.unicam.cs.pa.mastermind2019.modelcontroller.ImpostazioniFileConfig getCodeLenght
INFO: Restituita la lunghezza del codice: 4
set 16, 2019 6:45:09 PM it.unicam.cs.pa.mastermind2019.modelcontroller.ImpostazioniFileConfig getCodeLenght
INFO: Restituita la lunghezza del codice: 4
set 16, 2019 6:45:09 PM it.unicam.cs.pa.mastermind2019.modelcontroller.ImpostazioniFileConfig getCodeLenght
INFO: Restituita la lunghezza del codice: 4
set 16, 2019 6:45:09 PM it.unicam.cs.pa.mastermind2019.modelcontroller.ImpostazioniFileConfig getCodeLenght
INFO: Restituita la lunghezza del codice: 4
set 16, 2019 6:45:09 PM it.unicam.cs.pa.mastermind2019.modelcontroller.ImpostazioniFileConfig getCodeLenght
INFO: Restituita la lunghezza del codice: 4
set 16, 2019 6:45:09 PM it.unicam.cs.pa.mastermind2019.modelcontroller.ImpostazioniFileConfig getCodeLenght
INFO: Restituita la lunghezza del codice: 4
set 16, 2019 6:45:09 PM it.unicam.cs.pa.mastermind2019.modelcontroller.MatchCoordinator check
INFO: Controllo eseguito correttamente
set 16, 2019 6:45:09 PM it.unicam.cs.pa.mastermind2019.view.InputOutput attemptResault
INFO: Restituzione del suggerimento: [PC, PE]
set 16, 2019 6:45:09 PM it.unicam.cs.pa.mastermind2019.modelcontroller.Campo addSuggerimento
INFO: Aggiunto il suggerimento [PC, PE] ai suggerimenti
set 16, 2019 6:45:09 PM it.unicam.cs.pa.mastermind2019.modelcontroller.Campo getArrayFromDeco
INFO: Restituito array[1, 2, 4, 5] da decodificare
set 16, 2019 6:45:09 PM it.unicam.cs.pa.mastermind2019.modelcontroller.MatchCoordinator isWinner
INFO: Tentativo non vincente
set 16, 2019 6:45:09 PM it.unicam.cs.pa.mastermind2019.modelcontroller.MatchCoordinator play
INFO: 8 turni alla fine
set 16, 2019 6:45:09 PM it.unicam.cs.pa.mastermind2019.view.InputOutput humanGetCombination
INFO: Aspettando la decisione dell'utente
set 16, 2019 6:45:09 PM it.unicam.cs.pa.mastermind2019.modelcontroller.ImpostazioniFileConfig getCodeLenght
INFO: Restituita la lunghezza del codice: 4
set 16, 2019 6:45:09 PM it.unicam.cs.pa.mastermind2019.modelcontroller.ImpostazioniFileConfig getMaxCodValue
INFO: Restituita la lunghezza massima del codice: 6
set 16, 2019 6:45:13 PM it.unicam.cs.pa.mastermind2019.modelcontroller.ImpostazioniFileConfig getCodeLenght
INFO: Restituita la lunghezza del codice: 4
set 16, 2019 6:45:13 PM it.unicam.cs.pa.mastermind2019.modelcontroller.ImpostazioniFileConfig getMaxCodValue
INFO: Restituita la lunghezza massima del codice: 6
set 16, 2019 6:45:13 PM it.unicam.cs.pa.mastermind2019.modelcontroller.ImpostazioniFileConfig isDuplicateAllow
INFO: Restituito il permesso di avere duplicati nel codice: false
set 16, 2019 6:45:13 PM it.unicam.cs.pa.mastermind2019.modelcontroller.ImpostazioniFileConfig getMaxCodValue
INFO: Restituita la lunghezza massima del codice: 6
set 16, 2019 6:45:13 PM it.unicam.cs.pa.mastermind2019.modelcontroller.ImpostazioniFileConfig isDuplicateAllow
INFO: Restituito il permesso di avere duplicati nel codice: false
set 16, 2019 6:45:13 PM it.unicam.cs.pa.mastermind2019.modelcontroller.ImpostazioniFileConfig getMaxCodValue
INFO: Restituita la lunghezza massima del codice: 6
set 16, 2019 6:45:13 PM it.unicam.cs.pa.mastermind2019.modelcontroller.ImpostazioniFileConfig isDuplicateAllow
INFO: Restituito il permesso di avere duplicati nel codice: false
set 16, 2019 6:45:13 PM it.unicam.cs.pa.mastermind2019.modelcontroller.ImpostazioniFileConfig getMaxCodValue
INFO: Restituita la lunghezza massima del codice: 6
set 16, 2019 6:45:13 PM it.unicam.cs.pa.mastermind2019.modelcontroller.ImpostazioniFileConfig isDuplicateAllow
INFO: Restituito il permesso di avere duplicati nel codice: false
set 16, 2019 6:45:13 PM it.unicam.cs.pa.mastermind2019.view.InputOutput humanGetCombination
INFO: Decisione accettata
set 16, 2019 6:45:13 PM it.unicam.cs.pa.mastermind2019.Human generateCode
INFO: Il player umano ha generato il codice: [5, 2, 1, 4]
set 16, 2019 6:45:13 PM it.unicam.cs.pa.mastermind2019.modelcontroller.Campo setCodeArray
INFO: Impostando [5, 2, 1, 4] come array da codificare
set 16, 2019 6:45:13 PM it.unicam.cs.pa.mastermind2019.modelcontroller.Campo getArrayFromCode
INFO: Restituito l'array [5, 2, 1, 4] da codificare
set 16, 2019 6:45:13 PM it.unicam.cs.pa.mastermind2019.modelcontroller.MatchCoordinator check
INFO: Inizio controllo dei dati
set 16, 2019 6:45:13 PM it.unicam.cs.pa.mastermind2019.modelcontroller.Campo getArrayFromDeco
INFO: Restituito array[1, 2, 4, 5] da decodificare
set 16, 2019 6:45:13 PM it.unicam.cs.pa.mastermind2019.modelcontroller.ImpostazioniFileConfig getCodeLenght
INFO: Restituita la lunghezza del codice: 4
set 16, 2019 6:45:13 PM it.unicam.cs.pa.mastermind2019.modelcontroller.ImpostazioniFileConfig getCodeLenght
INFO: Restituita la lunghezza del codice: 4
set 16, 2019 6:45:13 PM it.unicam.cs.pa.mastermind2019.modelcontroller.ImpostazioniFileConfig getCodeLenght
INFO: Restituita la lunghezza del codice: 4
set 16, 2019 6:45:13 PM it.unicam.cs.pa.mastermind2019.modelcontroller.ImpostazioniFileConfig getCodeLenght
INFO: Restituita la lunghezza del codice: 4
set 16, 2019 6:45:13 PM it.unicam.cs.pa.mastermind2019.modelcontroller.ImpostazioniFileConfig getCodeLenght
INFO: Restituita la lunghezza del codice: 4
set 16, 2019 6:45:13 PM it.unicam.cs.pa.mastermind2019.modelcontroller.ImpostazioniFileConfig getCodeLenght
INFO: Restituita la lunghezza del codice: 4
set 16, 2019 6:45:13 PM it.unicam.cs.pa.mastermind2019.modelcontroller.ImpostazioniFileConfig getCodeLenght
INFO: Restituita la lunghezza del codice: 4
set 16, 2019 6:45:13 PM it.unicam.cs.pa.mastermind2019.modelcontroller.ImpostazioniFileConfig getCodeLenght
INFO: Restituita la lunghezza del codice: 4
set 16, 2019 6:45:13 PM it.unicam.cs.pa.mastermind2019.modelcontroller.ImpostazioniFileConfig getCodeLenght
INFO: Restituita la lunghezza del codice: 4
set 16, 2019 6:45:13 PM it.unicam.cs.pa.mastermind2019.modelcontroller.ImpostazioniFileConfig getCodeLenght
INFO: Restituita la lunghezza del codice: 4
set 16, 2019 6:45:13 PM it.unicam.cs.pa.mastermind2019.modelcontroller.ImpostazioniFileConfig getCodeLenght
INFO: Restituita la lunghezza del codice: 4
set 16, 2019 6:45:13 PM it.unicam.cs.pa.mastermind2019.modelcontroller.ImpostazioniFileConfig getCodeLenght
INFO: Restituita la lunghezza del codice: 4
set 16, 2019 6:45:13 PM it.unicam.cs.pa.mastermind2019.modelcontroller.ImpostazioniFileConfig getCodeLenght
INFO: Restituita la lunghezza del codice: 4
set 16, 2019 6:45:13 PM it.unicam.cs.pa.mastermind2019.modelcontroller.ImpostazioniFileConfig getCodeLenght
INFO: Restituita la lunghezza del codice: 4
set 16, 2019 6:45:13 PM it.unicam.cs.pa.mastermind2019.modelcontroller.ImpostazioniFileConfig getCodeLenght
INFO: Restituita la lunghezza del codice: 4
set 16, 2019 6:45:13 PM it.unicam.cs.pa.mastermind2019.modelcontroller.ImpostazioniFileConfig getCodeLenght
INFO: Restituita la lunghezza del codice: 4
set 16, 2019 6:45:13 PM it.unicam.cs.pa.mastermind2019.modelcontroller.ImpostazioniFileConfig getCodeLenght
INFO: Restituita la lunghezza del codice: 4
set 16, 2019 6:45:13 PM it.unicam.cs.pa.mastermind2019.modelcontroller.ImpostazioniFileConfig getCodeLenght
INFO: Restituita la lunghezza del codice: 4
set 16, 2019 6:45:13 PM it.unicam.cs.pa.mastermind2019.modelcontroller.ImpostazioniFileConfig getCodeLenght
INFO: Restituita la lunghezza del codice: 4
set 16, 2019 6:45:13 PM it.unicam.cs.pa.mastermind2019.modelcontroller.ImpostazioniFileConfig getCodeLenght
INFO: Restituita la lunghezza del codice: 4
set 16, 2019 6:45:13 PM it.unicam.cs.pa.mastermind2019.modelcontroller.ImpostazioniFileConfig getCodeLenght
INFO: Restituita la lunghezza del codice: 4
set 16, 2019 6:45:13 PM it.unicam.cs.pa.mastermind2019.modelcontroller.ImpostazioniFileConfig getCodeLenght
INFO: Restituita la lunghezza del codice: 4
set 16, 2019 6:45:13 PM it.unicam.cs.pa.mastermind2019.modelcontroller.ImpostazioniFileConfig getCodeLenght
INFO: Restituita la lunghezza del codice: 4
set 16, 2019 6:45:13 PM it.unicam.cs.pa.mastermind2019.modelcontroller.ImpostazioniFileConfig getCodeLenght
INFO: Restituita la lunghezza del codice: 4
set 16, 2019 6:45:13 PM it.unicam.cs.pa.mastermind2019.modelcontroller.ImpostazioniFileConfig getCodeLenght
INFO: Restituita la lunghezza del codice: 4
set 16, 2019 6:45:13 PM it.unicam.cs.pa.mastermind2019.modelcontroller.ImpostazioniFileConfig getCodeLenght
INFO: Restituita la lunghezza del codice: 4
set 16, 2019 6:45:13 PM it.unicam.cs.pa.mastermind2019.modelcontroller.ImpostazioniFileConfig getCodeLenght
INFO: Restituita la lunghezza del codice: 4
set 16, 2019 6:45:13 PM it.unicam.cs.pa.mastermind2019.modelcontroller.ImpostazioniFileConfig getCodeLenght
INFO: Restituita la lunghezza del codice: 4
set 16, 2019 6:45:13 PM it.unicam.cs.pa.mastermind2019.modelcontroller.ImpostazioniFileConfig getCodeLenght
INFO: Restituita la lunghezza del codice: 4
set 16, 2019 6:45:13 PM it.unicam.cs.pa.mastermind2019.modelcontroller.ImpostazioniFileConfig getCodeLenght
INFO: Restituita la lunghezza del codice: 4
set 16, 2019 6:45:13 PM it.unicam.cs.pa.mastermind2019.modelcontroller.MatchCoordinator check
INFO: Controllo eseguito correttamente
set 16, 2019 6:45:13 PM it.unicam.cs.pa.mastermind2019.view.InputOutput attemptResault
INFO: Restituzione del suggerimento: [PC, PE, PE, PE]
set 16, 2019 6:45:13 PM it.unicam.cs.pa.mastermind2019.modelcontroller.Campo addSuggerimento
INFO: Aggiunto il suggerimento [PC, PE, PE, PE] ai suggerimenti
set 16, 2019 6:45:13 PM it.unicam.cs.pa.mastermind2019.modelcontroller.Campo getArrayFromDeco
INFO: Restituito array[1, 2, 4, 5] da decodificare
set 16, 2019 6:45:13 PM it.unicam.cs.pa.mastermind2019.modelcontroller.MatchCoordinator isWinner
INFO: Tentativo non vincente
set 16, 2019 6:45:13 PM it.unicam.cs.pa.mastermind2019.modelcontroller.MatchCoordinator play
INFO: 7 turni alla fine
set 16, 2019 6:45:13 PM it.unicam.cs.pa.mastermind2019.view.InputOutput humanGetCombination
INFO: Aspettando la decisione dell'utente
set 16, 2019 6:45:13 PM it.unicam.cs.pa.mastermind2019.modelcontroller.ImpostazioniFileConfig getCodeLenght
INFO: Restituita la lunghezza del codice: 4
set 16, 2019 6:45:13 PM it.unicam.cs.pa.mastermind2019.modelcontroller.ImpostazioniFileConfig getMaxCodValue
INFO: Restituita la lunghezza massima del codice: 6
set 16, 2019 6:45:15 PM it.unicam.cs.pa.mastermind2019.modelcontroller.ImpostazioniFileConfig getCodeLenght
INFO: Restituita la lunghezza del codice: 4
set 16, 2019 6:45:15 PM it.unicam.cs.pa.mastermind2019.modelcontroller.ImpostazioniFileConfig getMaxCodValue
INFO: Restituita la lunghezza massima del codice: 6
set 16, 2019 6:45:15 PM it.unicam.cs.pa.mastermind2019.modelcontroller.ImpostazioniFileConfig isDuplicateAllow
INFO: Restituito il permesso di avere duplicati nel codice: false
set 16, 2019 6:45:15 PM it.unicam.cs.pa.mastermind2019.modelcontroller.ImpostazioniFileConfig getMaxCodValue
INFO: Restituita la lunghezza massima del codice: 6
set 16, 2019 6:45:15 PM it.unicam.cs.pa.mastermind2019.modelcontroller.ImpostazioniFileConfig isDuplicateAllow
INFO: Restituito il permesso di avere duplicati nel codice: false
set 16, 2019 6:45:15 PM it.unicam.cs.pa.mastermind2019.modelcontroller.ImpostazioniFileConfig getMaxCodValue
INFO: Restituita la lunghezza massima del codice: 6
set 16, 2019 6:45:15 PM it.unicam.cs.pa.mastermind2019.modelcontroller.ImpostazioniFileConfig isDuplicateAllow
INFO: Restituito il permesso di avere duplicati nel codice: false
set 16, 2019 6:45:15 PM it.unicam.cs.pa.mastermind2019.modelcontroller.ImpostazioniFileConfig getMaxCodValue
INFO: Restituita la lunghezza massima del codice: 6
set 16, 2019 6:45:15 PM it.unicam.cs.pa.mastermind2019.modelcontroller.ImpostazioniFileConfig isDuplicateAllow
INFO: Restituito il permesso di avere duplicati nel codice: false
set 16, 2019 6:45:15 PM it.unicam.cs.pa.mastermind2019.view.InputOutput humanGetCombination
INFO: Decisione accettata
set 16, 2019 6:45:15 PM it.unicam.cs.pa.mastermind2019.Human generateCode
INFO: Il player umano ha generato il codice: [2, 3, 6, 5]
set 16, 2019 6:45:15 PM it.unicam.cs.pa.mastermind2019.modelcontroller.Campo setCodeArray
INFO: Impostando [2, 3, 6, 5] come array da codificare
set 16, 2019 6:45:15 PM it.unicam.cs.pa.mastermind2019.modelcontroller.Campo getArrayFromCode
INFO: Restituito l'array [2, 3, 6, 5] da codificare
set 16, 2019 6:45:15 PM it.unicam.cs.pa.mastermind2019.modelcontroller.MatchCoordinator check
INFO: Inizio controllo dei dati
set 16, 2019 6:45:15 PM it.unicam.cs.pa.mastermind2019.modelcontroller.Campo getArrayFromDeco
INFO: Restituito array[1, 2, 4, 5] da decodificare
set 16, 2019 6:45:15 PM it.unicam.cs.pa.mastermind2019.modelcontroller.ImpostazioniFileConfig getCodeLenght
INFO: Restituita la lunghezza del codice: 4
set 16, 2019 6:45:15 PM it.unicam.cs.pa.mastermind2019.modelcontroller.ImpostazioniFileConfig getCodeLenght
INFO: Restituita la lunghezza del codice: 4
set 16, 2019 6:45:15 PM it.unicam.cs.pa.mastermind2019.modelcontroller.ImpostazioniFileConfig getCodeLenght
INFO: Restituita la lunghezza del codice: 4
set 16, 2019 6:45:15 PM it.unicam.cs.pa.mastermind2019.modelcontroller.ImpostazioniFileConfig getCodeLenght
INFO: Restituita la lunghezza del codice: 4
set 16, 2019 6:45:15 PM it.unicam.cs.pa.mastermind2019.modelcontroller.ImpostazioniFileConfig getCodeLenght
INFO: Restituita la lunghezza del codice: 4
set 16, 2019 6:45:15 PM it.unicam.cs.pa.mastermind2019.modelcontroller.ImpostazioniFileConfig getCodeLenght
INFO: Restituita la lunghezza del codice: 4
set 16, 2019 6:45:15 PM it.unicam.cs.pa.mastermind2019.modelcontroller.ImpostazioniFileConfig getCodeLenght
INFO: Restituita la lunghezza del codice: 4
set 16, 2019 6:45:15 PM it.unicam.cs.pa.mastermind2019.modelcontroller.ImpostazioniFileConfig getCodeLenght
INFO: Restituita la lunghezza del codice: 4
set 16, 2019 6:45:15 PM it.unicam.cs.pa.mastermind2019.modelcontroller.ImpostazioniFileConfig getCodeLenght
INFO: Restituita la lunghezza del codice: 4
set 16, 2019 6:45:15 PM it.unicam.cs.pa.mastermind2019.modelcontroller.ImpostazioniFileConfig getCodeLenght
INFO: Restituita la lunghezza del codice: 4
set 16, 2019 6:45:15 PM it.unicam.cs.pa.mastermind2019.modelcontroller.ImpostazioniFileConfig getCodeLenght
INFO: Restituita la lunghezza del codice: 4
set 16, 2019 6:45:15 PM it.unicam.cs.pa.mastermind2019.modelcontroller.ImpostazioniFileConfig getCodeLenght
INFO: Restituita la lunghezza del codice: 4
set 16, 2019 6:45:15 PM it.unicam.cs.pa.mastermind2019.modelcontroller.ImpostazioniFileConfig getCodeLenght
INFO: Restituita la lunghezza del codice: 4
set 16, 2019 6:45:15 PM it.unicam.cs.pa.mastermind2019.modelcontroller.ImpostazioniFileConfig getCodeLenght
INFO: Restituita la lunghezza del codice: 4
set 16, 2019 6:45:15 PM it.unicam.cs.pa.mastermind2019.modelcontroller.ImpostazioniFileConfig getCodeLenght
INFO: Restituita la lunghezza del codice: 4
set 16, 2019 6:45:15 PM it.unicam.cs.pa.mastermind2019.modelcontroller.ImpostazioniFileConfig getCodeLenght
INFO: Restituita la lunghezza del codice: 4
set 16, 2019 6:45:15 PM it.unicam.cs.pa.mastermind2019.modelcontroller.ImpostazioniFileConfig getCodeLenght
INFO: Restituita la lunghezza del codice: 4
set 16, 2019 6:45:15 PM it.unicam.cs.pa.mastermind2019.modelcontroller.ImpostazioniFileConfig getCodeLenght
INFO: Restituita la lunghezza del codice: 4
set 16, 2019 6:45:15 PM it.unicam.cs.pa.mastermind2019.modelcontroller.ImpostazioniFileConfig getCodeLenght
INFO: Restituita la lunghezza del codice: 4
set 16, 2019 6:45:15 PM it.unicam.cs.pa.mastermind2019.modelcontroller.ImpostazioniFileConfig getCodeLenght
INFO: Restituita la lunghezza del codice: 4
set 16, 2019 6:45:15 PM it.unicam.cs.pa.mastermind2019.modelcontroller.ImpostazioniFileConfig getCodeLenght
INFO: Restituita la lunghezza del codice: 4
set 16, 2019 6:45:15 PM it.unicam.cs.pa.mastermind2019.modelcontroller.ImpostazioniFileConfig getCodeLenght
INFO: Restituita la lunghezza del codice: 4
set 16, 2019 6:45:15 PM it.unicam.cs.pa.mastermind2019.modelcontroller.ImpostazioniFileConfig getCodeLenght
INFO: Restituita la lunghezza del codice: 4
set 16, 2019 6:45:15 PM it.unicam.cs.pa.mastermind2019.modelcontroller.ImpostazioniFileConfig getCodeLenght
INFO: Restituita la lunghezza del codice: 4
set 16, 2019 6:45:15 PM it.unicam.cs.pa.mastermind2019.modelcontroller.ImpostazioniFileConfig getCodeLenght
INFO: Restituita la lunghezza del codice: 4
set 16, 2019 6:45:15 PM it.unicam.cs.pa.mastermind2019.modelcontroller.ImpostazioniFileConfig getCodeLenght
INFO: Restituita la lunghezza del codice: 4
set 16, 2019 6:45:15 PM it.unicam.cs.pa.mastermind2019.modelcontroller.ImpostazioniFileConfig getCodeLenght
INFO: Restituita la lunghezza del codice: 4
set 16, 2019 6:45:15 PM it.unicam.cs.pa.mastermind2019.modelcontroller.ImpostazioniFileConfig getCodeLenght
INFO: Restituita la lunghezza del codice: 4
set 16, 2019 6:45:15 PM it.unicam.cs.pa.mastermind2019.modelcontroller.ImpostazioniFileConfig getCodeLenght
INFO: Restituita la lunghezza del codice: 4
set 16, 2019 6:45:15 PM it.unicam.cs.pa.mastermind2019.modelcontroller.ImpostazioniFileConfig getCodeLenght
INFO: Restituita la lunghezza del codice: 4
set 16, 2019 6:45:15 PM it.unicam.cs.pa.mastermind2019.modelcontroller.MatchCoordinator check
INFO: Controllo eseguito correttamente
set 16, 2019 6:45:15 PM it.unicam.cs.pa.mastermind2019.view.InputOutput attemptResault
INFO: Restituzione del suggerimento: [PC, PE]
set 16, 2019 6:45:15 PM it.unicam.cs.pa.mastermind2019.modelcontroller.Campo addSuggerimento
INFO: Aggiunto il suggerimento [PC, PE] ai suggerimenti
set 16, 2019 6:45:15 PM it.unicam.cs.pa.mastermind2019.modelcontroller.Campo getArrayFromDeco
INFO: Restituito array[1, 2, 4, 5] da decodificare
set 16, 2019 6:45:15 PM it.unicam.cs.pa.mastermind2019.modelcontroller.MatchCoordinator isWinner
INFO: Tentativo non vincente
set 16, 2019 6:45:15 PM it.unicam.cs.pa.mastermind2019.modelcontroller.MatchCoordinator play
INFO: 6 turni alla fine
set 16, 2019 6:45:15 PM it.unicam.cs.pa.mastermind2019.view.InputOutput humanGetCombination
INFO: Aspettando la decisione dell'utente
set 16, 2019 6:45:15 PM it.unicam.cs.pa.mastermind2019.modelcontroller.ImpostazioniFileConfig getCodeLenght
INFO: Restituita la lunghezza del codice: 4
set 16, 2019 6:45:15 PM it.unicam.cs.pa.mastermind2019.modelcontroller.ImpostazioniFileConfig getMaxCodValue
INFO: Restituita la lunghezza massima del codice: 6
